#
# There is insufficient memory for the Java Runtime Environment to continue.
# Native memory allocation (mmap) failed to map 236978176 bytes for G1 virtual space
# Possible reasons:
#   The system is out of physical RAM or swap space
#   The process is running with CompressedOops enabled, and the Java Heap may be blocking the growth of the native heap
# Possible solutions:
#   Reduce memory load on the system
#   Increase physical memory or swap space
#   Check if swap backing store is full
#   Decrease Java heap size (-Xmx/-Xms)
#   Decrease number of Java threads
#   Decrease Java thread stack sizes (-Xss)
#   Set larger code cache with -XX:ReservedCodeCacheSize=
#   JVM is running with Unscaled Compressed Oops mode in which the Java heap is
#     placed in the first 4GB address space. The Java Heap base address is the
#     maximum limit for the native heap growth. Please use -XX:HeapBaseMinAddress
#     to set the Java Heap base and to place the Java Heap above 4GB virtual address.
# This output file may be truncated or incomplete.
#
#  Out of Memory Error (os_windows.cpp:3613), pid=9716, tid=11660
#
# JRE version: OpenJDK Runtime Environment Temurin-17.0.10+7 (17.0.10+7) (build 17.0.10+7)
# Java VM: OpenJDK 64-Bit Server VM Temurin-17.0.10+7 (17.0.10+7, mixed mode, emulated-client, tiered, compressed oops, compressed class ptrs, g1 gc, windows-amd64)
# No core dump will be written. Minidumps are not enabled by default on client versions of Windows
#

---------------  S U M M A R Y ------------

Command Line: -Dcom.sun.management.jmxremote -Dcom.sun.management.jmxremote.port=50297 -Dcom.sun.management.jmxremote.authenticate=false -Dcom.sun.management.jmxremote.ssl=false -Djava.rmi.server.hostname=localhost -Dspring.jmx.enabled=true -Dmanagement.endpoints.jmx.exposure.include=* -Dspring.application.admin.enabled=true -XX:TieredStopAtLevel=1 -Dspring.boot.project.name=AutoReport-2 -Dfile.encoding=UTF-8 -Dstdout.encoding=UTF-8 -Dstderr.encoding=UTF-8 -XX:+ShowCodeDetailsInExceptionMessages com.pfe_app.eya.AutoReport2Application --spring.output.ansi.enabled=always

Host: 11th Gen Intel(R) Core(TM) i5-11320H @ 3.20GHz, 8 cores, 7G,  Windows 11 , 64 bit Build 22621 (10.0.22621.3374)
Time: Thu May  2 23:46:02 2024 Afr. centrale Ouest elapsed time: 295105.167250 seconds (3d 9h 58m 25s)

---------------  T H R E A D  ---------------

Current thread (0x000002054cb0f6b0):  VMThread "VM Thread" [stack: 0x0000001030e00000,0x0000001030f00000] [id=11660]

Stack: [0x0000001030e00000,0x0000001030f00000]
Native frames: (J=compiled Java code, j=interpreted, Vv=VM code, C=native code)
V  [jvm.dll+0x67d2c9]
V  [jvm.dll+0x834afa]
V  [jvm.dll+0x8365be]
V  [jvm.dll+0x836c23]
V  [jvm.dll+0x2477ff]
V  [jvm.dll+0x67a109]
V  [jvm.dll+0x66eb7a]
V  [jvm.dll+0x30764b]
V  [jvm.dll+0x30eaf6]
V  [jvm.dll+0x35e83e]
V  [jvm.dll+0x35ea6f]
V  [jvm.dll+0x2de248]
V  [jvm.dll+0x2dc424]
V  [jvm.dll+0x2dba2c]
V  [jvm.dll+0x31faeb]
V  [jvm.dll+0x83b11b]
V  [jvm.dll+0x83be61]
V  [jvm.dll+0x83c37d]
V  [jvm.dll+0x83c754]
V  [jvm.dll+0x83c820]
V  [jvm.dll+0x7e3fba]
V  [jvm.dll+0x67c1b5]
C  [ucrtbase.dll+0x29333]
C  [KERNEL32.DLL+0x1257d]
C  [ntdll.dll+0x5aa48]

VM_Operation (0x0000001033dfaab0): G1CollectForAllocation, mode: safepoint, requested by thread 0x0000020553d694e0


---------------  P R O C E S S  ---------------

Threads class SMR info:
_java_thread_list=0x0000020554296f60, length=36, elements={
0x000002054cb388a0, 0x000002054cb3bae0, 0x000002054cb6f2c0, 0x000002054cb6fc90,
0x000002054cb70ff0, 0x000002054cb739c0, 0x000002054cb76440, 0x000002054cb8a420,
0x000002054caac3c0, 0x000002054cd36d30, 0x00000205517357d0, 0x0000020551721d10,
0x000002055171c3a0, 0x0000020552027ac0, 0x00000205516aa450, 0x00000205535f17a0,
0x00000205535efe50, 0x0000020554224ae0, 0x0000020554225500, 0x00000205512ba090,
0x00000205512b9670, 0x00000205512b9b80, 0x0000020553d69f00, 0x0000020554583820,
0x0000020554582e00, 0x0000020554583310, 0x0000020553d6b850, 0x0000020553d6bd60,
0x0000020553d6c270, 0x0000020553d6a410, 0x0000020553d6ae30, 0x0000020553d6a920,
0x0000020553d694e0, 0x0000020553d6b340, 0x00000205549352e0, 0x00000205549357f0
}

Java Threads: ( => current thread )
  0x000002054cb388a0 JavaThread "Reference Handler" daemon [_thread_blocked, id=18192, stack(0x0000001030f00000,0x0000001031000000)]
  0x000002054cb3bae0 JavaThread "Finalizer" daemon [_thread_blocked, id=9688, stack(0x0000001031000000,0x0000001031100000)]
  0x000002054cb6f2c0 JavaThread "Signal Dispatcher" daemon [_thread_blocked, id=19252, stack(0x0000001031100000,0x0000001031200000)]
  0x000002054cb6fc90 JavaThread "Attach Listener" daemon [_thread_blocked, id=7216, stack(0x0000001031200000,0x0000001031300000)]
  0x000002054cb70ff0 JavaThread "Service Thread" daemon [_thread_blocked, id=14748, stack(0x0000001031300000,0x0000001031400000)]
  0x000002054cb739c0 JavaThread "Monitor Deflation Thread" daemon [_thread_blocked, id=17140, stack(0x0000001031400000,0x0000001031500000)]
  0x000002054cb76440 JavaThread "C1 CompilerThread0" daemon [_thread_blocked, id=14816, stack(0x0000001031500000,0x0000001031600000)]
  0x000002054cb8a420 JavaThread "Sweeper thread" daemon [_thread_blocked, id=9772, stack(0x0000001031600000,0x0000001031700000)]
  0x000002054caac3c0 JavaThread "Common-Cleaner" daemon [_thread_blocked, id=17276, stack(0x0000001031700000,0x0000001031800000)]
  0x000002054cd36d30 JavaThread "Notification Thread" daemon [_thread_blocked, id=22192, stack(0x0000001031a00000,0x0000001031b00000)]
  0x00000205517357d0 JavaThread "RMI TCP Accept-0" daemon [_thread_in_native, id=18964, stack(0x0000001031b00000,0x0000001031c00000)]
  0x0000020551721d10 JavaThread "RMI TCP Accept-50297" daemon [_thread_in_native, id=16172, stack(0x0000001031c00000,0x0000001031d00000)]
  0x000002055171c3a0 JavaThread "RMI TCP Accept-0" daemon [_thread_in_native, id=16272, stack(0x0000001031d00000,0x0000001031e00000)]
  0x0000020552027ac0 JavaThread "RMI Scheduler(0)" daemon [_thread_blocked, id=8800, stack(0x0000001032000000,0x0000001032100000)]
  0x00000205516aa450 JavaThread "mysql-cj-abandoned-connection-cleanup" daemon [_thread_blocked, id=20904, stack(0x0000001032e00000,0x0000001032f00000)]
  0x00000205535f17a0 JavaThread "Live Reload Server" daemon [_thread_in_native, id=15688, stack(0x0000001033900000,0x0000001033a00000)]
  0x00000205535efe50 JavaThread "DestroyJavaVM" [_thread_blocked, id=20992, stack(0x0000001030800000,0x0000001030900000)]
  0x0000020554224ae0 JavaThread "RMI TCP Connection(idle)" daemon [_thread_blocked, id=27476, stack(0x0000001030500000,0x0000001030600000)]
  0x0000020554225500 JavaThread "JMX server connection timeout 1323" daemon [_thread_blocked, id=4400, stack(0x0000001030600000,0x0000001030700000)]
  0x00000205512ba090 JavaThread "HikariPool-11 housekeeper" daemon [_thread_blocked, id=20108, stack(0x0000001032b00000,0x0000001032c00000)]
  0x00000205512b9670 JavaThread "Catalina-utility-1" [_thread_blocked, id=30648, stack(0x0000001033000000,0x0000001033100000)]
  0x00000205512b9b80 JavaThread "Catalina-utility-2" [_thread_blocked, id=10904, stack(0x0000001033100000,0x0000001033200000)]
  0x0000020553d69f00 JavaThread "container-0" [_thread_blocked, id=16060, stack(0x0000001033200000,0x0000001033300000)]
  0x0000020554583820 JavaThread "File Watcher" daemon [_thread_blocked, id=8540, stack(0x0000001033300000,0x0000001033400000)]
  0x0000020554582e00 JavaThread "http-nio-8080-exec-1" daemon [_thread_blocked, id=15108, stack(0x0000001033400000,0x0000001033500000)]
  0x0000020554583310 JavaThread "http-nio-8080-exec-2" daemon [_thread_blocked, id=12600, stack(0x0000001033500000,0x0000001033600000)]
  0x0000020553d6b850 JavaThread "http-nio-8080-exec-3" daemon [_thread_blocked, id=22704, stack(0x0000001033600000,0x0000001033700000)]
  0x0000020553d6bd60 JavaThread "http-nio-8080-exec-4" daemon [_thread_blocked, id=24756, stack(0x0000001033700000,0x0000001033800000)]
  0x0000020553d6c270 JavaThread "http-nio-8080-exec-5" daemon [_thread_blocked, id=28596, stack(0x0000001033800000,0x0000001033900000)]
  0x0000020553d6a410 JavaThread "http-nio-8080-exec-6" daemon [_thread_blocked, id=25000, stack(0x0000001033a00000,0x0000001033b00000)]
  0x0000020553d6ae30 JavaThread "http-nio-8080-exec-7" daemon [_thread_blocked, id=22436, stack(0x0000001033b00000,0x0000001033c00000)]
  0x0000020553d6a920 JavaThread "http-nio-8080-exec-8" daemon [_thread_blocked, id=21832, stack(0x0000001033c00000,0x0000001033d00000)]
  0x0000020553d694e0 JavaThread "http-nio-8080-exec-9" daemon [_thread_blocked, id=5052, stack(0x0000001033d00000,0x0000001033e00000)]
  0x0000020553d6b340 JavaThread "http-nio-8080-exec-10" daemon [_thread_blocked, id=27140, stack(0x0000001033e00000,0x0000001033f00000)]
  0x00000205549352e0 JavaThread "http-nio-8080-Poller" daemon [_thread_in_native, id=17964, stack(0x0000001033f00000,0x0000001034000000)]
  0x00000205549357f0 JavaThread "http-nio-8080-Acceptor" daemon [_thread_in_native, id=25712, stack(0x0000001034000000,0x0000001034100000)]

Other Threads:
=>0x000002054cb0f6b0 VMThread "VM Thread" [stack: 0x0000001030e00000,0x0000001030f00000] [id=11660]
  0x00000205516c1ce0 WatcherThread [stack: 0x0000001031e00000,0x0000001031f00000] [id=11340]
  0x000002053ef0e6d0 GCTaskThread "GC Thread#0" [stack: 0x0000001030900000,0x0000001030a00000] [id=16084]
  0x000002055209d1b0 GCTaskThread "GC Thread#1" [stack: 0x0000001032200000,0x0000001032300000] [id=13184]
  0x000002055209d880 GCTaskThread "GC Thread#2" [stack: 0x0000001032300000,0x0000001032400000] [id=6252]
  0x00000205520c08c0 GCTaskThread "GC Thread#3" [stack: 0x0000001032400000,0x0000001032500000] [id=15376]
  0x00000205520c0b80 GCTaskThread "GC Thread#4" [stack: 0x0000001032500000,0x0000001032600000] [id=15388]
  0x00000205520c1650 GCTaskThread "GC Thread#5" [stack: 0x0000001032600000,0x0000001032700000] [id=2576]
  0x00000205520c1910 GCTaskThread "GC Thread#6" [stack: 0x0000001032700000,0x0000001032800000] [id=4732]
  0x00000205520c1bd0 GCTaskThread "GC Thread#7" [stack: 0x0000001032800000,0x0000001032900000] [id=17072]
  0x000002053ef1ef60 ConcurrentGCThread "G1 Main Marker" [stack: 0x0000001030a00000,0x0000001030b00000] [id=12716]
  0x000002053ef1f980 ConcurrentGCThread "G1 Conc#0" [stack: 0x0000001030b00000,0x0000001030c00000] [id=21172]
  0x000002055224ae50 ConcurrentGCThread "G1 Conc#1" [stack: 0x0000001032f00000,0x0000001033000000] [id=2692]
  0x000002054c97b580 ConcurrentGCThread "G1 Refine#0" [stack: 0x0000001030c00000,0x0000001030d00000] [id=18688]
  0x00000205520c24a0 ConcurrentGCThread "G1 Refine#1" [stack: 0x0000001032900000,0x0000001032a00000] [id=5024]
  0x00000205520c2ba0 ConcurrentGCThread "G1 Refine#2" [stack: 0x0000001032a00000,0x0000001032b00000] [id=21060]
  0x000002054c97c560 ConcurrentGCThread "G1 Service" [stack: 0x0000001030d00000,0x0000001030e00000] [id=22264]

Threads with active compile tasks:

VM state: at safepoint (normal execution)

VM Mutex/Monitor currently owned by a thread:  ([mutex/lock_event])
[0x000002053eeae810] Threads_lock - owner thread: 0x000002054cb0f6b0
[0x000002053eeae540] Heap_lock - owner thread: 0x0000020553d694e0

Heap address: 0x0000000083600000, size: 1994 MB, Compressed Oops mode: 32-bit

CDS archive(s) not mapped
Compressed class space mapped at: 0x0000000100000000-0x0000000140000000, reserved size: 1073741824
Narrow klass base: 0x0000000000000000, Narrow klass shift: 3, Narrow klass range: 0x140000000

GC Precious Log:
 CPUs: 8 total, 8 available
 Memory: 7975M
 Large Page Support: Disabled
 NUMA Support: Disabled
 Compressed Oops: Enabled (32-bit)
 Heap Region Size: 1M
 Heap Min Capacity: 8M
 Heap Initial Capacity: 126M
 Heap Max Capacity: 1994M
 Pre-touch: Disabled
 Parallel Workers: 8
 Concurrent Workers: 2
 Concurrent Refinement Workers: 8
 Periodic GC: Disabled

Heap:
 garbage-first heap   total 115712K, used 40451K [0x0000000083600000, 0x0000000100000000)
  region size 1024K, 1 young (1024K), 1 survivors (1024K)
 Metaspace       used 84802K, committed 85760K, reserved 1179648K
  class space    used 11593K, committed 11968K, reserved 1048576K

Heap Regions: E=young(eden), S=young(survivor), O=old, HS=humongous(starts), HC=humongous(continues), CS=collection set, F=free, OA=open archive, CA=closed archive, TAMS=top-at-mark-start (previous, next)
|   0|0x0000000083600000, 0x0000000083700000, 0x0000000083700000|100%|HS|  |TAMS 0x0000000083700000, 0x0000000083600000| Untracked 
|   1|0x0000000083700000, 0x00000000837fffc8, 0x0000000083800000| 99%| O|  |TAMS 0x00000000837fffc8, 0x0000000083700000| Untracked 
|   2|0x0000000083800000, 0x0000000083900000, 0x0000000083900000|100%| O|  |TAMS 0x0000000083900000, 0x0000000083800000| Untracked 
|   3|0x0000000083900000, 0x0000000083a00000, 0x0000000083a00000|100%| O|  |TAMS 0x0000000083a00000, 0x0000000083900000| Untracked 
|   4|0x0000000083a00000, 0x0000000083affff8, 0x0000000083b00000| 99%| O|  |TAMS 0x0000000083affff8, 0x0000000083a00000| Untracked 
|   5|0x0000000083b00000, 0x0000000083bf1600, 0x0000000083c00000| 94%| O|  |TAMS 0x0000000083b00000, 0x0000000083b00000| Untracked 
|   6|0x0000000083c00000, 0x0000000083cfffc0, 0x0000000083d00000| 99%| O|  |TAMS 0x0000000083cfffc0, 0x0000000083c00000| Untracked 
|   7|0x0000000083d00000, 0x0000000083e00000, 0x0000000083e00000|100%| O|  |TAMS 0x0000000083e00000, 0x0000000083d00000| Untracked 
|   8|0x0000000083e00000, 0x0000000083efffc0, 0x0000000083f00000| 99%| O|  |TAMS 0x0000000083efffc0, 0x0000000083e00000| Untracked 
|   9|0x0000000083f00000, 0x0000000084000000, 0x0000000084000000|100%| O|  |TAMS 0x0000000084000000, 0x0000000083f00000| Untracked 
|  10|0x0000000084000000, 0x00000000840ffe40, 0x0000000084100000| 99%| O|  |TAMS 0x00000000840ffe40, 0x0000000084000000| Untracked 
|  11|0x0000000084100000, 0x00000000841fffe8, 0x0000000084200000| 99%| O|  |TAMS 0x00000000841fffe8, 0x0000000084100000| Untracked 
|  12|0x0000000084200000, 0x00000000842fff40, 0x0000000084300000| 99%| O|  |TAMS 0x00000000842fff40, 0x0000000084200000| Untracked 
|  13|0x0000000084300000, 0x00000000843fffb8, 0x0000000084400000| 99%| O|  |TAMS 0x00000000843fffb8, 0x0000000084300000| Untracked 
|  14|0x0000000084400000, 0x00000000844ffff0, 0x0000000084500000| 99%| O|  |TAMS 0x00000000844ffff0, 0x0000000084400000| Untracked 
|  15|0x0000000084500000, 0x00000000845fff98, 0x0000000084600000| 99%| O|  |TAMS 0x00000000845fff98, 0x0000000084500000| Untracked 
|  16|0x0000000084600000, 0x00000000846fffb8, 0x0000000084700000| 99%| O|  |TAMS 0x00000000846fffb8, 0x0000000084600000| Untracked 
|  17|0x0000000084700000, 0x00000000847ffd90, 0x0000000084800000| 99%| O|  |TAMS 0x00000000847ffd90, 0x0000000084700000| Untracked 
|  18|0x0000000084800000, 0x00000000848fffe8, 0x0000000084900000| 99%| O|  |TAMS 0x0000000084800000, 0x0000000084800000| Untracked 
|  19|0x0000000084900000, 0x0000000084a00000, 0x0000000084a00000|100%| O|  |TAMS 0x0000000084a00000, 0x0000000084900000| Untracked 
|  20|0x0000000084a00000, 0x0000000084b00000, 0x0000000084b00000|100%| O|  |TAMS 0x0000000084b00000, 0x0000000084a00000| Untracked 
|  21|0x0000000084b00000, 0x0000000084c00000, 0x0000000084c00000|100%| O|  |TAMS 0x0000000084b00000, 0x0000000084b00000| Untracked 
|  22|0x0000000084c00000, 0x0000000084cfffe8, 0x0000000084d00000| 99%| O|  |TAMS 0x0000000084c00000, 0x0000000084c00000| Untracked 
|  23|0x0000000084d00000, 0x0000000084dfffe8, 0x0000000084e00000| 99%| O|  |TAMS 0x0000000084d00000, 0x0000000084d00000| Untracked 
|  24|0x0000000084e00000, 0x0000000084effff8, 0x0000000084f00000| 99%| O|  |TAMS 0x0000000084e00000, 0x0000000084e00000| Untracked 
|  25|0x0000000084f00000, 0x0000000084f63080, 0x0000000085000000| 38%| O|  |TAMS 0x0000000084f00000, 0x0000000084f00000| Untracked 
|  26|0x0000000085000000, 0x0000000085100000, 0x0000000085100000|100%| O|  |TAMS 0x0000000085000000, 0x0000000085000000| Untracked 
|  27|0x0000000085100000, 0x0000000085200000, 0x0000000085200000|100%| O|  |TAMS 0x0000000085100000, 0x0000000085100000| Untracked 
|  28|0x0000000085200000, 0x0000000085300000, 0x0000000085300000|100%| O|  |TAMS 0x0000000085200000, 0x0000000085200000| Untracked 
|  29|0x0000000085300000, 0x00000000853ee318, 0x0000000085400000| 93%| O|  |TAMS 0x0000000085300000, 0x0000000085300000| Untracked 
|  30|0x0000000085400000, 0x0000000085500000, 0x0000000085500000|100%| O|  |TAMS 0x0000000085400000, 0x0000000085400000| Untracked 
|  31|0x0000000085500000, 0x0000000085600000, 0x0000000085600000|100%| O|  |TAMS 0x0000000085500000, 0x0000000085500000| Untracked 
|  32|0x0000000085600000, 0x0000000085700000, 0x0000000085700000|100%| O|  |TAMS 0x0000000085600000, 0x0000000085600000| Untracked 
|  33|0x0000000085700000, 0x0000000085800000, 0x0000000085800000|100%| O|  |TAMS 0x0000000085700000, 0x0000000085700000| Untracked 
|  34|0x0000000085800000, 0x00000000858a6798, 0x0000000085900000| 65%| O|  |TAMS 0x0000000085800000, 0x0000000085800000| Untracked 
|  35|0x0000000085900000, 0x0000000085a00000, 0x0000000085a00000|100%| O|  |TAMS 0x0000000085900000, 0x0000000085900000| Untracked 
|  36|0x0000000085a00000, 0x0000000085b00000, 0x0000000085b00000|100%| O|  |TAMS 0x0000000085a00000, 0x0000000085a00000| Untracked 
|  37|0x0000000085b00000, 0x0000000085c00000, 0x0000000085c00000|100%| O|  |TAMS 0x0000000085b00000, 0x0000000085b00000| Untracked 
|  38|0x0000000085c00000, 0x0000000085d00000, 0x0000000085d00000|100%| O|  |TAMS 0x0000000085c00000, 0x0000000085c00000| Untracked 
|  39|0x0000000085d00000, 0x0000000085e00000, 0x0000000085e00000|100%| O|  |TAMS 0x0000000085d00000, 0x0000000085d00000| Untracked 
|  40|0x0000000085e00000, 0x0000000085e1cc00, 0x0000000085f00000| 11%| O|  |TAMS 0x0000000085e00000, 0x0000000085e00000| Untracked 
|  41|0x0000000085f00000, 0x0000000085f00000, 0x0000000086000000|  0%| F|  |TAMS 0x0000000085f00000, 0x0000000085f00000| Untracked 
|  42|0x0000000086000000, 0x0000000086000000, 0x0000000086100000|  0%| F|  |TAMS 0x0000000086000000, 0x0000000086000000| Untracked 
|  43|0x0000000086100000, 0x0000000086100000, 0x0000000086200000|  0%| F|  |TAMS 0x0000000086100000, 0x0000000086100000| Untracked 
|  44|0x0000000086200000, 0x0000000086200000, 0x0000000086300000|  0%| F|  |TAMS 0x0000000086200000, 0x0000000086200000| Untracked 
|  45|0x0000000086300000, 0x0000000086300000, 0x0000000086400000|  0%| F|  |TAMS 0x0000000086300000, 0x0000000086300000| Untracked 
|  46|0x0000000086400000, 0x0000000086400000, 0x0000000086500000|  0%| F|  |TAMS 0x0000000086400000, 0x0000000086400000| Untracked 
|  47|0x0000000086500000, 0x0000000086500000, 0x0000000086600000|  0%| F|  |TAMS 0x0000000086500000, 0x0000000086500000| Untracked 
|  48|0x0000000086600000, 0x0000000086600000, 0x0000000086700000|  0%| F|  |TAMS 0x0000000086600000, 0x0000000086600000| Untracked 
|  49|0x0000000086700000, 0x0000000086700000, 0x0000000086800000|  0%| F|  |TAMS 0x0000000086700000, 0x0000000086700000| Untracked 
|  50|0x0000000086800000, 0x0000000086800000, 0x0000000086900000|  0%| F|  |TAMS 0x0000000086800000, 0x0000000086800000| Untracked 
|  51|0x0000000086900000, 0x0000000086900000, 0x0000000086a00000|  0%| F|  |TAMS 0x0000000086900000, 0x0000000086900000| Untracked 
|  52|0x0000000086a00000, 0x0000000086a00000, 0x0000000086b00000|  0%| F|  |TAMS 0x0000000086a00000, 0x0000000086a00000| Untracked 
|  53|0x0000000086b00000, 0x0000000086b00000, 0x0000000086c00000|  0%| F|  |TAMS 0x0000000086b00000, 0x0000000086b00000| Untracked 
|  54|0x0000000086c00000, 0x0000000086c00000, 0x0000000086d00000|  0%| F|  |TAMS 0x0000000086c00000, 0x0000000086c00000| Untracked 
|  55|0x0000000086d00000, 0x0000000086d00000, 0x0000000086e00000|  0%| F|  |TAMS 0x0000000086d00000, 0x0000000086d00000| Untracked 
|  56|0x0000000086e00000, 0x0000000086e00000, 0x0000000086f00000|  0%| F|  |TAMS 0x0000000086e00000, 0x0000000086e00000| Untracked 
|  57|0x0000000086f00000, 0x0000000086f00000, 0x0000000087000000|  0%| F|  |TAMS 0x0000000086f00000, 0x0000000086f00000| Untracked 
|  58|0x0000000087000000, 0x0000000087000000, 0x0000000087100000|  0%| F|  |TAMS 0x0000000087000000, 0x0000000087000000| Untracked 
|  59|0x0000000087100000, 0x0000000087100000, 0x0000000087200000|  0%| F|  |TAMS 0x0000000087100000, 0x0000000087100000| Untracked 
|  60|0x0000000087200000, 0x0000000087200000, 0x0000000087300000|  0%| F|  |TAMS 0x0000000087200000, 0x0000000087200000| Untracked 
|  61|0x0000000087300000, 0x0000000087300000, 0x0000000087400000|  0%| F|  |TAMS 0x0000000087300000, 0x0000000087300000| Untracked 
|  62|0x0000000087400000, 0x0000000087400000, 0x0000000087500000|  0%| F|  |TAMS 0x0000000087400000, 0x0000000087400000| Untracked 
|  63|0x0000000087500000, 0x0000000087500000, 0x0000000087600000|  0%| F|  |TAMS 0x0000000087500000, 0x0000000087500000| Untracked 
|  64|0x0000000087600000, 0x0000000087600000, 0x0000000087700000|  0%| F|  |TAMS 0x0000000087600000, 0x0000000087600000| Untracked 
|  65|0x0000000087700000, 0x0000000087700000, 0x0000000087800000|  0%| F|  |TAMS 0x0000000087700000, 0x0000000087700000| Untracked 
|  66|0x0000000087800000, 0x0000000087800000, 0x0000000087900000|  0%| F|  |TAMS 0x0000000087800000, 0x0000000087800000| Untracked 
|  67|0x0000000087900000, 0x0000000087900000, 0x0000000087a00000|  0%| F|  |TAMS 0x0000000087900000, 0x0000000087900000| Untracked 
|  68|0x0000000087a00000, 0x0000000087a00000, 0x0000000087b00000|  0%| F|  |TAMS 0x0000000087a00000, 0x0000000087a00000| Untracked 
|  69|0x0000000087b00000, 0x0000000087b00000, 0x0000000087c00000|  0%| F|  |TAMS 0x0000000087b00000, 0x0000000087b00000| Untracked 
|  70|0x0000000087c00000, 0x0000000087c00000, 0x0000000087d00000|  0%| F|  |TAMS 0x0000000087c00000, 0x0000000087c00000| Untracked 
|  71|0x0000000087d00000, 0x0000000087d00000, 0x0000000087e00000|  0%| F|  |TAMS 0x0000000087d00000, 0x0000000087d00000| Untracked 
|  72|0x0000000087e00000, 0x0000000087e00000, 0x0000000087f00000|  0%| F|  |TAMS 0x0000000087e00000, 0x0000000087e00000| Untracked 
|  73|0x0000000087f00000, 0x0000000087f00000, 0x0000000088000000|  0%| F|  |TAMS 0x0000000087f00000, 0x0000000087f00000| Untracked 
|  74|0x0000000088000000, 0x0000000088000000, 0x0000000088100000|  0%| F|  |TAMS 0x0000000088000000, 0x0000000088000000| Untracked 
|  75|0x0000000088100000, 0x0000000088100000, 0x0000000088200000|  0%| F|  |TAMS 0x0000000088100000, 0x0000000088100000| Untracked 
|  76|0x0000000088200000, 0x0000000088200000, 0x0000000088300000|  0%| F|  |TAMS 0x0000000088200000, 0x0000000088200000| Untracked 
|  77|0x0000000088300000, 0x0000000088300000, 0x0000000088400000|  0%| F|  |TAMS 0x0000000088300000, 0x0000000088300000| Untracked 
|  78|0x0000000088400000, 0x0000000088400000, 0x0000000088500000|  0%| F|  |TAMS 0x0000000088400000, 0x0000000088400000| Untracked 
|  79|0x0000000088500000, 0x0000000088500000, 0x0000000088600000|  0%| F|  |TAMS 0x0000000088500000, 0x0000000088500000| Untracked 
|  80|0x0000000088600000, 0x0000000088600000, 0x0000000088700000|  0%| F|  |TAMS 0x0000000088600000, 0x0000000088600000| Untracked 
|  81|0x0000000088700000, 0x0000000088700000, 0x0000000088800000|  0%| F|  |TAMS 0x0000000088700000, 0x0000000088700000| Untracked 
|  82|0x0000000088800000, 0x0000000088800000, 0x0000000088900000|  0%| F|  |TAMS 0x0000000088800000, 0x0000000088800000| Untracked 
|  83|0x0000000088900000, 0x0000000088900000, 0x0000000088a00000|  0%| F|  |TAMS 0x0000000088900000, 0x0000000088900000| Untracked 
|  84|0x0000000088a00000, 0x0000000088a00000, 0x0000000088b00000|  0%| F|  |TAMS 0x0000000088a00000, 0x0000000088a00000| Untracked 
|  85|0x0000000088b00000, 0x0000000088b00000, 0x0000000088c00000|  0%| F|  |TAMS 0x0000000088b00000, 0x0000000088b00000| Untracked 
|  86|0x0000000088c00000, 0x0000000088c00000, 0x0000000088d00000|  0%| F|  |TAMS 0x0000000088c00000, 0x0000000088c00000| Untracked 
|  87|0x0000000088d00000, 0x0000000088d00000, 0x0000000088e00000|  0%| F|  |TAMS 0x0000000088d00000, 0x0000000088d00000| Untracked 
|  88|0x0000000088e00000, 0x0000000088e00000, 0x0000000088f00000|  0%| F|  |TAMS 0x0000000088e00000, 0x0000000088e00000| Untracked 
|  89|0x0000000088f00000, 0x0000000088f00000, 0x0000000089000000|  0%| F|  |TAMS 0x0000000088f00000, 0x0000000088f00000| Untracked 
|  90|0x0000000089000000, 0x0000000089000000, 0x0000000089100000|  0%| F|  |TAMS 0x0000000089000000, 0x0000000089000000| Untracked 
|  91|0x0000000089100000, 0x0000000089100000, 0x0000000089200000|  0%| F|  |TAMS 0x0000000089100000, 0x0000000089100000| Untracked 
|  92|0x0000000089200000, 0x0000000089200000, 0x0000000089300000|  0%| F|  |TAMS 0x0000000089200000, 0x0000000089200000| Untracked 
|  93|0x0000000089300000, 0x0000000089300000, 0x0000000089400000|  0%| F|  |TAMS 0x0000000089300000, 0x0000000089300000| Untracked 
|  94|0x0000000089400000, 0x0000000089400000, 0x0000000089500000|  0%| F|  |TAMS 0x0000000089400000, 0x0000000089400000| Untracked 
|  95|0x0000000089500000, 0x0000000089500000, 0x0000000089600000|  0%| F|  |TAMS 0x0000000089500000, 0x0000000089500000| Untracked 
|  96|0x0000000089600000, 0x0000000089600000, 0x0000000089700000|  0%| F|  |TAMS 0x0000000089600000, 0x0000000089600000| Untracked 
|  97|0x0000000089700000, 0x0000000089700000, 0x0000000089800000|  0%| F|  |TAMS 0x0000000089700000, 0x0000000089700000| Untracked 
|  98|0x0000000089800000, 0x0000000089800000, 0x0000000089900000|  0%| F|  |TAMS 0x0000000089800000, 0x0000000089800000| Untracked 
|  99|0x0000000089900000, 0x0000000089900000, 0x0000000089a00000|  0%| F|  |TAMS 0x0000000089900000, 0x0000000089900000| Untracked 
| 100|0x0000000089a00000, 0x0000000089a00000, 0x0000000089b00000|  0%| F|  |TAMS 0x0000000089a00000, 0x0000000089a00000| Untracked 
| 101|0x0000000089b00000, 0x0000000089b00000, 0x0000000089c00000|  0%| F|  |TAMS 0x0000000089b00000, 0x0000000089b00000| Untracked 
| 102|0x0000000089c00000, 0x0000000089c00000, 0x0000000089d00000|  0%| F|  |TAMS 0x0000000089c00000, 0x0000000089c00000| Untracked 
| 103|0x0000000089d00000, 0x0000000089d00000, 0x0000000089e00000|  0%| F|  |TAMS 0x0000000089d00000, 0x0000000089d00000| Untracked 
| 104|0x0000000089e00000, 0x0000000089e00000, 0x0000000089f00000|  0%| F|  |TAMS 0x0000000089e00000, 0x0000000089e00000| Untracked 
| 105|0x0000000089f00000, 0x0000000089f00000, 0x000000008a000000|  0%| F|  |TAMS 0x0000000089f00000, 0x0000000089f00000| Untracked 
| 106|0x000000008a000000, 0x000000008a000000, 0x000000008a100000|  0%| F|  |TAMS 0x000000008a000000, 0x000000008a000000| Untracked 
| 107|0x000000008a100000, 0x000000008a100000, 0x000000008a200000|  0%| F|  |TAMS 0x000000008a100000, 0x000000008a100000| Untracked 
| 108|0x000000008a200000, 0x000000008a27b9a0, 0x000000008a300000| 48%| S|CS|TAMS 0x000000008a200000, 0x000000008a200000| Complete 
| 109|0x000000008a300000, 0x000000008a300000, 0x000000008a400000|  0%| F|  |TAMS 0x000000008a300000, 0x000000008a300000| Untracked 
| 110|0x000000008a400000, 0x000000008a400000, 0x000000008a500000|  0%| F|  |TAMS 0x000000008a400000, 0x000000008a400000| Untracked 
| 111|0x000000008a500000, 0x000000008a500000, 0x000000008a600000|  0%| F|  |TAMS 0x000000008a500000, 0x000000008a500000| Untracked 
| 112|0x000000008a600000, 0x000000008a600000, 0x000000008a700000|  0%| F|  |TAMS 0x000000008a600000, 0x000000008a600000| Untracked 

Card table byte_map: [0x0000020545a60000,0x0000020545e50000] _byte_map_base: 0x0000020545645000

Marking Bits (Prev, Next): (CMBitMap*) 0x000002053ef0ed30, (CMBitMap*) 0x000002053ef0ecf0
 Prev Bits: [0x0000020548170000, 0x000002054a098000)
 Next Bits: [0x0000020546240000, 0x0000020548168000)

Polling page: 0x000002053cdc0000

Metaspace:

Usage:
  Non-class:     71.49 MB used.
      Class:     11.32 MB used.
       Both:     82.82 MB used.

Virtual space:
  Non-class space:      128.00 MB reserved,      72.06 MB ( 56%) committed,  2 nodes.
      Class space:        1.00 GB reserved,      11.69 MB (  1%) committed,  1 nodes.
             Both:        1.12 GB reserved,      83.75 MB (  7%) committed. 

Chunk freelists:
   Non-Class:  7.55 MB
       Class:  4.25 MB
        Both:  11.81 MB

MaxMetaspaceSize: unlimited
CompressedClassSpaceSize: 1.00 GB
Initial GC threshold: 21.00 MB
Current GC threshold: 139.62 MB
CDS: off
MetaspaceReclaimPolicy: balanced
 - commit_granule_bytes: 65536.
 - commit_granule_words: 8192.
 - virtual_space_node_default_size: 8388608.
 - enlarge_chunks_in_place: 1.
 - new_chunks_are_fully_committed: 0.
 - uncommit_free_chunks: 1.
 - use_allocation_guard: 0.
 - handle_deallocations: 1.


Internal statistics:

num_allocs_failed_limit: 9.
num_arena_births: 2176.
num_arena_deaths: 1216.
num_vsnodes_births: 3.
num_vsnodes_deaths: 0.
num_space_committed: 1356.
num_space_uncommitted: 16.
num_chunks_returned_to_freelist: 2013.
num_chunks_taken_from_freelist: 6059.
num_chunk_merges: 533.
num_chunk_splits: 3278.
num_chunks_enlarged: 2091.
num_inconsistent_stats: 0.

CodeCache: size=49152Kb used=29902Kb max_used=31043Kb free=19249Kb
 bounds [0x0000020542560000, 0x0000020544410000, 0x0000020545560000]
 total_blobs=18006 nmethods=17337 adapters=595
 compilation: enabled
              stopped_count=0, restarted_count=0
 full_count=0

Compilation events (20 events):
Event: 294427.763 Thread 0x000002054cb76440 18012       1       org.apache.tomcat.util.buf.CharChunk::makeSpace (157 bytes)
Event: 294427.763 Thread 0x000002054cb76440 nmethod 18012 0x0000020544403910 code [0x0000020544403ac0, 0x0000020544403f28]
Event: 294450.640 Thread 0x000002054cb76440 18013       1       java.lang.invoke.MethodHandle::asFixedArity (23 bytes)
Event: 294450.640 Thread 0x000002054cb76440 nmethod 18013 0x0000020544403610 code [0x00000205444037a0, 0x0000020544403878]
Event: 294472.424 Thread 0x000002054cb76440 18014       1       org.hibernate.event.spi.MergeEvent::getEntityName (5 bytes)
Event: 294472.424 Thread 0x000002054cb76440 nmethod 18014 0x0000020544403310 code [0x00000205444034a0, 0x0000020544403578]
Event: 294472.424 Thread 0x000002054cb76440 18015       1       org.hibernate.validator.internal.util.logging.Messages_$bundle::beanTypeCannotBeNull$str (3 bytes)
Event: 294472.425 Thread 0x000002054cb76440 nmethod 18015 0x0000020544403010 code [0x00000205444031a0, 0x0000020544403278]
Event: 294498.452 Thread 0x000002054cb76440 18016       1       java.lang.StringUTF16::newBytesFor (61 bytes)
Event: 294498.453 Thread 0x000002054cb76440 nmethod 18016 0x0000020544402690 code [0x00000205444028a0, 0x0000020544402d88]
Event: 294524.991 Thread 0x000002054cb76440 18017       1       org.springframework.context.support.AbstractResourceBasedMessageSource::getCacheMillis (5 bytes)
Event: 294524.991 Thread 0x000002054cb76440 nmethod 18017 0x0000020544402390 code [0x0000020544402520, 0x00000205444025f8]
Event: 294524.992 Thread 0x000002054cb76440 18018       1       org.apache.coyote.http11.Http11OutputBuffer::write (50 bytes)
Event: 294524.995 Thread 0x000002054cb76440 nmethod 18018 0x0000020544401b90 code [0x0000020544401d60, 0x0000020544402088]
Event: 295072.187 Thread 0x000002054cb76440 18019       1       org.springframework.security.crypto.bcrypt.BCrypt::hashpw (392 bytes)
Event: 295072.267 Thread 0x000002054cb76440 nmethod 18019 0x00000205443ff710 code [0x00000205443ffac0, 0x0000020544400e68]
Event: 295094.653 Thread 0x000002054cb76440 18021       1       java.util.regex.Pattern$Curly::match0 (174 bytes)
Event: 295101.440 Thread 0x000002054cb76440 nmethod 18021 0x00000205443fef10 code [0x00000205443ff120, 0x00000205443ff518]
Event: 295105.119 Thread 0x000002054cb76440 18022       1       sun.nio.cs.ISO_8859_1$Encoder::implEncodeISOArray (47 bytes)
Event: 295105.121 Thread 0x000002054cb76440 nmethod 18022 0x00000205443feb10 code [0x00000205443feca0, 0x00000205443fedd8]

GC Heap History (20 events):
Event: 294395.156 GC heap after
{Heap after GC invocations=329 (full 10):
 garbage-first heap   total 96256K, used 32208K [0x0000000083600000, 0x0000000100000000)
  region size 1024K, 5 young (5120K), 5 survivors (5120K)
 Metaspace       used 84215K, committed 85760K, reserved 1179648K
  class space    used 11534K, committed 11968K, reserved 1048576K
}
Event: 294395.807 GC heap before
{Heap before GC invocations=329 (full 10):
 garbage-first heap   total 96256K, used 78288K [0x0000000083600000, 0x0000000100000000)
  region size 1024K, 51 young (52224K), 5 survivors (5120K)
 Metaspace       used 84652K, committed 85760K, reserved 1179648K
  class space    used 11570K, committed 11968K, reserved 1048576K
}
Event: 294396.004 GC heap after
{Heap after GC invocations=330 (full 10):
 garbage-first heap   total 96256K, used 35357K [0x0000000083600000, 0x0000000100000000)
  region size 1024K, 4 young (4096K), 4 survivors (4096K)
 Metaspace       used 84652K, committed 85760K, reserved 1179648K
  class space    used 11570K, committed 11968K, reserved 1048576K
}
Event: 294396.134 GC heap before
{Heap before GC invocations=330 (full 10):
 garbage-first heap   total 96256K, used 59933K [0x0000000083600000, 0x0000000100000000)
  region size 1024K, 28 young (28672K), 4 survivors (4096K)
 Metaspace       used 84710K, committed 85760K, reserved 1179648K
  class space    used 11574K, committed 11968K, reserved 1048576K
}
Event: 294396.159 GC heap after
{Heap after GC invocations=331 (full 10):
 garbage-first heap   total 96256K, used 37210K [0x0000000083600000, 0x0000000100000000)
  region size 1024K, 2 young (2048K), 2 survivors (2048K)
 Metaspace       used 84710K, committed 85760K, reserved 1179648K
  class space    used 11574K, committed 11968K, reserved 1048576K
}
Event: 294413.411 GC heap before
{Heap before GC invocations=331 (full 10):
 garbage-first heap   total 96256K, used 77146K [0x0000000083600000, 0x0000000100000000)
  region size 1024K, 41 young (41984K), 2 survivors (2048K)
 Metaspace       used 84746K, committed 85760K, reserved 1179648K
  class space    used 11581K, committed 11968K, reserved 1048576K
}
Event: 294413.418 GC heap after
{Heap after GC invocations=332 (full 10):
 garbage-first heap   total 115712K, used 40219K [0x0000000083600000, 0x0000000100000000)
  region size 1024K, 5 young (5120K), 5 survivors (5120K)
 Metaspace       used 84746K, committed 85760K, reserved 1179648K
  class space    used 11581K, committed 11968K, reserved 1048576K
}
Event: 294525.436 GC heap before
{Heap before GC invocations=332 (full 10):
 garbage-first heap   total 115712K, used 88347K [0x0000000083600000, 0x0000000100000000)
  region size 1024K, 53 young (54272K), 5 survivors (5120K)
 Metaspace       used 84786K, committed 85760K, reserved 1179648K
  class space    used 11590K, committed 11968K, reserved 1048576K
}
Event: 294525.452 GC heap after
{Heap after GC invocations=333 (full 10):
 garbage-first heap   total 115712K, used 40607K [0x0000000083600000, 0x0000000100000000)
  region size 1024K, 4 young (4096K), 4 survivors (4096K)
 Metaspace       used 84786K, committed 85760K, reserved 1179648K
  class space    used 11590K, committed 11968K, reserved 1048576K
}
Event: 295095.811 GC heap before
{Heap before GC invocations=333 (full 10):
 garbage-first heap   total 115712K, used 92831K [0x0000000083600000, 0x0000000100000000)
  region size 1024K, 55 young (56320K), 4 survivors (4096K)
 Metaspace       used 84802K, committed 85760K, reserved 1179648K
  class space    used 11593K, committed 11968K, reserved 1048576K
}
Event: 295098.492 GC heap after
{Heap after GC invocations=334 (full 10):
 garbage-first heap   total 115712K, used 40363K [0x0000000083600000, 0x0000000100000000)
  region size 1024K, 4 young (4096K), 4 survivors (4096K)
 Metaspace       used 84802K, committed 85760K, reserved 1179648K
  class space    used 11593K, committed 11968K, reserved 1048576K
}
Event: 295099.127 GC heap before
{Heap before GC invocations=334 (full 10):
 garbage-first heap   total 115712K, used 41387K [0x0000000083600000, 0x0000000100000000)
  region size 1024K, 5 young (5120K), 4 survivors (4096K)
 Metaspace       used 84802K, committed 85760K, reserved 1179648K
  class space    used 11593K, committed 11968K, reserved 1048576K
}
Event: 295101.054 GC heap after
{Heap after GC invocations=335 (full 10):
 garbage-first heap   total 115712K, used 40411K [0x0000000083600000, 0x0000000100000000)
  region size 1024K, 1 young (1024K), 1 survivors (1024K)
 Metaspace       used 84802K, committed 85760K, reserved 1179648K
  class space    used 11593K, committed 11968K, reserved 1048576K
}
Event: 295104.271 GC heap before
{Heap before GC invocations=335 (full 10):
 garbage-first heap   total 115712K, used 44507K [0x0000000083600000, 0x0000000100000000)
  region size 1024K, 5 young (5120K), 1 survivors (1024K)
 Metaspace       used 84802K, committed 85760K, reserved 1179648K
  class space    used 11593K, committed 11968K, reserved 1048576K
}
Event: 295104.940 GC heap after
{Heap after GC invocations=336 (full 10):
 garbage-first heap   total 115712K, used 40421K [0x0000000083600000, 0x0000000100000000)
  region size 1024K, 1 young (1024K), 1 survivors (1024K)
 Metaspace       used 84802K, committed 85760K, reserved 1179648K
  class space    used 11593K, committed 11968K, reserved 1048576K
}
Event: 295104.999 GC heap before
{Heap before GC invocations=336 (full 10):
 garbage-first heap   total 115712K, used 43493K [0x0000000083600000, 0x0000000100000000)
  region size 1024K, 5 young (5120K), 1 survivors (1024K)
 Metaspace       used 84802K, committed 85760K, reserved 1179648K
  class space    used 11593K, committed 11968K, reserved 1048576K
}
Event: 295105.013 GC heap after
{Heap after GC invocations=337 (full 10):
 garbage-first heap   total 115712K, used 40467K [0x0000000083600000, 0x0000000100000000)
  region size 1024K, 1 young (1024K), 1 survivors (1024K)
 Metaspace       used 84802K, committed 85760K, reserved 1179648K
  class space    used 11593K, committed 11968K, reserved 1048576K
}
Event: 295105.060 GC heap before
{Heap before GC invocations=337 (full 10):
 garbage-first heap   total 115712K, used 44563K [0x0000000083600000, 0x0000000100000000)
  region size 1024K, 5 young (5120K), 1 survivors (1024K)
 Metaspace       used 84802K, committed 85760K, reserved 1179648K
  class space    used 11593K, committed 11968K, reserved 1048576K
}
Event: 295105.063 GC heap after
{Heap after GC invocations=338 (full 10):
 garbage-first heap   total 115712K, used 40446K [0x0000000083600000, 0x0000000100000000)
  region size 1024K, 1 young (1024K), 1 survivors (1024K)
 Metaspace       used 84802K, committed 85760K, reserved 1179648K
  class space    used 11593K, committed 11968K, reserved 1048576K
}
Event: 295105.148 GC heap before
{Heap before GC invocations=338 (full 10):
 garbage-first heap   total 115712K, used 44542K [0x0000000083600000, 0x0000000100000000)
  region size 1024K, 5 young (5120K), 1 survivors (1024K)
 Metaspace       used 84802K, committed 85760K, reserved 1179648K
  class space    used 11593K, committed 11968K, reserved 1048576K
}

Dll operation events (10 events):
Event: 0.023 Loaded shared library C:\Users\Eya_\Desktop\sts-4.21.1.RELEASE\plugins\org.eclipse.justj.openjdk.hotspot.jre.full.win32.x86_64_17.0.10.v20240120-1143\jre\bin\java.dll
Event: 0.322 Loaded shared library C:\Users\Eya_\Desktop\sts-4.21.1.RELEASE\plugins\org.eclipse.justj.openjdk.hotspot.jre.full.win32.x86_64_17.0.10.v20240120-1143\jre\bin\jimage.dll
Event: 0.342 Loaded shared library C:\Users\Eya_\Desktop\sts-4.21.1.RELEASE\plugins\org.eclipse.justj.openjdk.hotspot.jre.full.win32.x86_64_17.0.10.v20240120-1143\jre\bin\net.dll
Event: 0.344 Loaded shared library C:\Users\Eya_\Desktop\sts-4.21.1.RELEASE\plugins\org.eclipse.justj.openjdk.hotspot.jre.full.win32.x86_64_17.0.10.v20240120-1143\jre\bin\nio.dll
Event: 0.351 Loaded shared library C:\Users\Eya_\Desktop\sts-4.21.1.RELEASE\plugins\org.eclipse.justj.openjdk.hotspot.jre.full.win32.x86_64_17.0.10.v20240120-1143\jre\bin\zip.dll
Event: 0.460 Loaded shared library C:\Users\Eya_\Desktop\sts-4.21.1.RELEASE\plugins\org.eclipse.justj.openjdk.hotspot.jre.full.win32.x86_64_17.0.10.v20240120-1143\jre\bin\management.dll
Event: 0.489 Loaded shared library C:\Users\Eya_\Desktop\sts-4.21.1.RELEASE\plugins\org.eclipse.justj.openjdk.hotspot.jre.full.win32.x86_64_17.0.10.v20240120-1143\jre\bin\management_ext.dll
Event: 0.784 Loaded shared library C:\Users\Eya_\Desktop\sts-4.21.1.RELEASE\plugins\org.eclipse.justj.openjdk.hotspot.jre.full.win32.x86_64_17.0.10.v20240120-1143\jre\bin\extnet.dll
Event: 1.945 Loaded shared library C:\Users\Eya_\Desktop\sts-4.21.1.RELEASE\plugins\org.eclipse.justj.openjdk.hotspot.jre.full.win32.x86_64_17.0.10.v20240120-1143\jre\bin\verify.dll
Event: 4.372 Loaded shared library C:\Users\Eya_\Desktop\sts-4.21.1.RELEASE\plugins\org.eclipse.justj.openjdk.hotspot.jre.full.win32.x86_64_17.0.10.v20240120-1143\jre\bin\sunmscapi.dll

Deoptimization events (4 events):
Event: 7.200 Thread 0x00000205516ab380 DEOPT PACKING pc=0x0000020542aca494 sp=0x0000001032dfa620
Event: 7.200 Thread 0x00000205516ab380 DEOPT UNPACKING pc=0x00000205425bace3 sp=0x0000001032df9b78 mode 0
Event: 7.583 Thread 0x00000205516ab380 DEOPT PACKING pc=0x0000020542b16042 sp=0x0000001032dfb360
Event: 7.583 Thread 0x00000205516ab380 DEOPT UNPACKING pc=0x00000205425bace3 sp=0x0000001032dfa868 mode 3

Classes unloaded (20 events):
Event: 294390.798 Thread 0x000002054cb0f6b0 Unloading class 0x0000000100bb6a60 'com/pfe_app/eya/entities/Ticket'
Event: 294390.798 Thread 0x000002054cb0f6b0 Unloading class 0x0000000100bb6868 'com/pfe_app/eya/repository/TicketRepository'
Event: 294390.798 Thread 0x000002054cb0f6b0 Unloading class 0x0000000100bb6620 'com/pfe_app/eya/entities/project'
Event: 294390.798 Thread 0x000002054cb0f6b0 Unloading class 0x0000000100bb6428 'com/pfe_app/eya/repository/ProjectRepository'
Event: 294390.798 Thread 0x000002054cb0f6b0 Unloading class 0x0000000100bb6228 'com/pfe_app/eya/AutoReportApplication'
Event: 294390.798 Thread 0x000002054cb0f6b0 Unloading class 0x0000000100bb6000 'com/pfe_app/eya/utils/JwtUtil'
Event: 294390.798 Thread 0x000002054cb0f6b0 Unloading class 0x0000000100bbbd18 'com/pfe_app/eya/service/jwt/UserDetailsServiceImpl'
Event: 294390.798 Thread 0x000002054cb0f6b0 Unloading class 0x0000000100bbb9f8 'com/pfe_app/eya/service/employee/EmployeeServiceImpl'
Event: 294390.798 Thread 0x000002054cb0f6b0 Unloading class 0x0000000100bbb800 'com/pfe_app/eya/service/employee/EmployeeService'
Event: 294390.798 Thread 0x000002054cb0f6b0 Unloading class 0x0000000100bbb560 'com/pfe_app/eya/service/admin/AdminServiceImpl'
Event: 294390.798 Thread 0x000002054cb0f6b0 Unloading class 0x0000000100bbb368 'com/pfe_app/eya/service/admin/AdminService'
Event: 294390.798 Thread 0x000002054cb0f6b0 Unloading class 0x0000000100bbb000 'com/pfe_app/eya/filters/JwtRequestFilter'
Event: 294390.798 Thread 0x000002054cb0f6b0 Unloading class 0x0000000100bbc450 'com/pfe_app/eya/controller/EmployeeController'
Event: 294390.798 Thread 0x000002054cb0f6b0 Unloading class 0x0000000100bbc240 'com/pfe_app/eya/controller/AuthenticationController'
Event: 294390.798 Thread 0x000002054cb0f6b0 Unloading class 0x0000000100bbc000 'com/pfe_app/eya/controller/AdminController'
Event: 294390.798 Thread 0x000002054cb0f6b0 Unloading class 0x0000000100bbd440 'com/pfe_app/eya/configuration/WebSecurityConfiguration'
Event: 294390.798 Thread 0x000002054cb0f6b0 Unloading class 0x0000000100bbd200 'com/pfe_app/eya/configuration/SimpleCorsFilter'
Event: 294390.798 Thread 0x000002054cb0f6b0 Unloading class 0x0000000100bbd000 'com/pfe_app/eya/AutoReport2Application'
Event: 294390.798 Thread 0x000002054cb0f6b0 Unloading class 0x00000001003f5000 'jdk/internal/reflect/GeneratedConstructorAccessor141'
Event: 294390.798 Thread 0x000002054cb0f6b0 Unloading class 0x00000001003ec000 'jdk/internal/reflect/GeneratedConstructorAccessor140'

Classes redefined (0 events):
No events

Internal exceptions (20 events):
Event: 294395.626 Thread 0x00000205547d9080 Exception <a 'java/io/FileNotFoundException'{0x00000000878eb188}> (0x00000000878eb188) 
thrown [s\src\hotspot\share\prims\jni.cpp, line 516]
Event: 294395.642 Thread 0x00000205547d9080 Exception <a 'java/lang/reflect/InvocationTargetException'{0x00000000871042f8}> (0x00000000871042f8) 
thrown [s\src\hotspot\share\runtime\reflection.cpp, line 1121]
Event: 294395.802 Thread 0x00000205547d9080 Exception <a 'java/lang/reflect/InvocationTargetException'{0x000000008663c1a8}> (0x000000008663c1a8) 
thrown [s\src\hotspot\share\runtime\reflection.cpp, line 1121]
Event: 294396.017 Thread 0x00000205547d9080 Exception <a 'java/lang/reflect/InvocationTargetException'{0x0000000088e9e848}> (0x0000000088e9e848) 
thrown [s\src\hotspot\share\runtime\reflection.cpp, line 1121]
Event: 294396.123 Thread 0x00000205547d9080 Exception <a 'java/lang/reflect/InvocationTargetException'{0x0000000087da8ae8}> (0x0000000087da8ae8) 
thrown [s\src\hotspot\share\runtime\reflection.cpp, line 1121]
Event: 294396.123 Thread 0x00000205547d9080 Exception <a 'java/lang/reflect/InvocationTargetException'{0x0000000087daeb80}> (0x0000000087daeb80) 
thrown [s\src\hotspot\share\runtime\reflection.cpp, line 1121]
Event: 294426.283 Thread 0x0000020553d6b340 Exception <a 'java/lang/reflect/InvocationTargetException'{0x000000008a0dfc00}> (0x000000008a0dfc00) 
thrown [s\src\hotspot\share\runtime\reflection.cpp, line 1121]
Event: 294427.762 Thread 0x0000020553d6b850 Exception <a 'java/lang/reflect/InvocationTargetException'{0x0000000089eee880}> (0x0000000089eee880) 
thrown [s\src\hotspot\share\runtime\reflection.cpp, line 1121]
Event: 294430.684 Thread 0x0000020554582e00 Exception <a 'java/lang/reflect/InvocationTargetException'{0x0000000089b283f8}> (0x0000000089b283f8) 
thrown [s\src\hotspot\share\runtime\reflection.cpp, line 1121]
Event: 294432.310 Thread 0x0000020553d6a410 Exception <a 'java/lang/reflect/InvocationTargetException'{0x0000000089935be8}> (0x0000000089935be8) 
thrown [s\src\hotspot\share\runtime\reflection.cpp, line 1121]
Event: 294522.691 Thread 0x0000020553d6ae30 Exception <a 'java/lang/reflect/InvocationTargetException'{0x00000000883cb658}> (0x00000000883cb658) 
thrown [s\src\hotspot\share\runtime\reflection.cpp, line 1121]
Event: 294524.171 Thread 0x0000020553d694e0 Exception <a 'java/lang/reflect/InvocationTargetException'{0x00000000881e0e78}> (0x00000000881e0e78) 
thrown [s\src\hotspot\share\runtime\reflection.cpp, line 1121]
Event: 294524.356 Thread 0x0000020554583310 Exception <a 'java/lang/reflect/InvocationTargetException'{0x0000000087fe1d90}> (0x0000000087fe1d90) 
thrown [s\src\hotspot\share\runtime\reflection.cpp, line 1121]
Event: 294524.584 Thread 0x0000020553d6b340 Exception <a 'java/lang/reflect/InvocationTargetException'{0x0000000087dd17f8}> (0x0000000087dd17f8) 
thrown [s\src\hotspot\share\runtime\reflection.cpp, line 1121]
Event: 294524.991 Thread 0x0000020553d6b850 Exception <a 'java/lang/reflect/InvocationTargetException'{0x0000000087bd87c0}> (0x0000000087bd87c0) 
thrown [s\src\hotspot\share\runtime\reflection.cpp, line 1121]
Event: 294525.132 Thread 0x0000020553d6c270 Exception <a 'java/lang/reflect/InvocationTargetException'{0x00000000879c0430}> (0x00000000879c0430) 
thrown [s\src\hotspot\share\runtime\reflection.cpp, line 1121]
Event: 294525.277 Thread 0x0000020554582e00 Exception <a 'java/lang/reflect/InvocationTargetException'{0x00000000877ba8a8}> (0x00000000877ba8a8) 
thrown [s\src\hotspot\share\runtime\reflection.cpp, line 1121]
Event: 294525.514 Thread 0x0000020553d6a410 Exception <a 'java/lang/reflect/InvocationTargetException'{0x000000008a5a93c0}> (0x000000008a5a93c0) 
thrown [s\src\hotspot\share\runtime\reflection.cpp, line 1121]
Event: 294579.911 Thread 0x0000020553d6a920 Exception <a 'java/lang/reflect/InvocationTargetException'{0x0000000089f5a780}> (0x0000000089f5a780) 
thrown [s\src\hotspot\share\runtime\reflection.cpp, line 1121]
Event: 294580.369 Thread 0x0000020553d694e0 Exception <a 'java/lang/reflect/InvocationTargetException'{0x0000000089ddcc20}> (0x0000000089ddcc20) 
thrown [s\src\hotspot\share\runtime\reflection.cpp, line 1121]

VM Operations (20 events):
Event: 294429.573 Executing VM operation: HandshakeAllThreads done
Event: 294461.830 Executing VM operation: Cleanup
Event: 294461.830 Executing VM operation: Cleanup done
Event: 294472.915 Executing VM operation: Cleanup
Event: 294472.915 Executing VM operation: Cleanup done
Event: 294489.666 Executing VM operation: HandshakeAllThreads
Event: 294489.666 Executing VM operation: HandshakeAllThreads done
Event: 294525.436 Executing VM operation: G1CollectForAllocation
Event: 294525.452 Executing VM operation: G1CollectForAllocation done
Event: 295094.759 Executing VM operation: G1CollectForAllocation
Event: 295098.492 Executing VM operation: G1CollectForAllocation done
Event: 295098.662 Executing VM operation: G1CollectForAllocation
Event: 295101.096 Executing VM operation: G1CollectForAllocation done
Event: 295104.200 Executing VM operation: G1CollectForAllocation
Event: 295104.940 Executing VM operation: G1CollectForAllocation done
Event: 295104.999 Executing VM operation: G1CollectForAllocation
Event: 295105.013 Executing VM operation: G1CollectForAllocation done
Event: 295105.060 Executing VM operation: G1CollectForAllocation
Event: 295105.063 Executing VM operation: G1CollectForAllocation done
Event: 295105.148 Executing VM operation: G1CollectForAllocation

Events (20 events):
Event: 294395.627 Thread 0x0000020553d69f00 Thread added: 0x0000020553d69f00
Event: 294396.028 loading class java/time/DurationEditor
Event: 294396.028 loading class java/time/DurationEditor done
Event: 294396.381 Thread 0x0000020554583820 Thread added: 0x0000020554583820
Event: 294396.392 Thread 0x0000020554582e00 Thread added: 0x0000020554582e00
Event: 294396.392 Thread 0x0000020554583310 Thread added: 0x0000020554583310
Event: 294396.392 Thread 0x0000020553d6b850 Thread added: 0x0000020553d6b850
Event: 294396.392 Thread 0x0000020553d6bd60 Thread added: 0x0000020553d6bd60
Event: 294396.392 Thread 0x0000020553d6c270 Thread added: 0x0000020553d6c270
Event: 294396.392 Thread 0x0000020553d6a410 Thread added: 0x0000020553d6a410
Event: 294396.392 Thread 0x0000020553d6ae30 Thread added: 0x0000020553d6ae30
Event: 294396.392 Thread 0x0000020553d6a920 Thread added: 0x0000020553d6a920
Event: 294396.392 Thread 0x0000020553d694e0 Thread added: 0x0000020553d694e0
Event: 294396.392 Thread 0x0000020553d6b340 Thread added: 0x0000020553d6b340
Event: 294396.397 Thread 0x00000205549352e0 Thread added: 0x00000205549352e0
Event: 294396.397 Thread 0x00000205549357f0 Thread added: 0x00000205549357f0
Event: 294396.402 Thread 0x00000205547d9080 Thread exited: 0x00000205547d9080
Event: 294396.402 Thread 0x000002055457e070 Thread exited: 0x000002055457e070
Event: 294400.496 Thread 0x000002055457e580 Thread exited: 0x000002055457e580
Event: 294401.402 Thread 0x00000205543407c0 Thread exited: 0x00000205543407c0


Dynamic libraries:
0x00007ff685330000 - 0x00007ff68533e000 	C:\Users\Eya_\Desktop\sts-4.21.1.RELEASE\plugins\org.eclipse.justj.openjdk.hotspot.jre.full.win32.x86_64_17.0.10.v20240120-1143\jre\bin\javaw.exe
0x00007fff07690000 - 0x00007fff078a6000 	C:\Windows\SYSTEM32\ntdll.dll
0x00007fff06440000 - 0x00007fff06504000 	C:\Windows\System32\KERNEL32.DLL
0x00007fff049b0000 - 0x00007fff04d57000 	C:\Windows\System32\KERNELBASE.dll
0x00007fff04f20000 - 0x00007fff05031000 	C:\Windows\System32\ucrtbase.dll
0x00007ffed8d70000 - 0x00007ffed8d87000 	C:\Users\Eya_\Desktop\sts-4.21.1.RELEASE\plugins\org.eclipse.justj.openjdk.hotspot.jre.full.win32.x86_64_17.0.10.v20240120-1143\jre\bin\jli.dll
0x00007fff05960000 - 0x00007fff05b0e000 	C:\Windows\System32\USER32.dll
0x00007fff04ec0000 - 0x00007fff04ee6000 	C:\Windows\System32\win32u.dll
0x00007fff05b70000 - 0x00007fff05b99000 	C:\Windows\System32\GDI32.dll
0x00007fff05130000 - 0x00007fff05249000 	C:\Windows\System32\gdi32full.dll
0x00007fff04e20000 - 0x00007fff04eba000 	C:\Windows\System32\msvcp_win.dll
0x00007ffecd0e0000 - 0x00007ffecd0fb000 	C:\Users\Eya_\Desktop\sts-4.21.1.RELEASE\plugins\org.eclipse.justj.openjdk.hotspot.jre.full.win32.x86_64_17.0.10.v20240120-1143\jre\bin\VCRUNTIME140.dll
0x00007ffee4650000 - 0x00007ffee48e3000 	C:\Windows\WinSxS\amd64_microsoft.windows.common-controls_6595b64144ccf1df_6.0.22621.3235_none_270f74e173860f98\COMCTL32.dll
0x00007fff05ea0000 - 0x00007fff05f47000 	C:\Windows\System32\msvcrt.dll
0x00007fff06be0000 - 0x00007fff06c11000 	C:\Windows\System32\IMM32.DLL
0x00007ffef2c50000 - 0x00007ffef2c5c000 	C:\Users\Eya_\Desktop\sts-4.21.1.RELEASE\plugins\org.eclipse.justj.openjdk.hotspot.jre.full.win32.x86_64_17.0.10.v20240120-1143\jre\bin\vcruntime140_1.dll
0x00007ffea03b0000 - 0x00007ffea043d000 	C:\Users\Eya_\Desktop\sts-4.21.1.RELEASE\plugins\org.eclipse.justj.openjdk.hotspot.jre.full.win32.x86_64_17.0.10.v20240120-1143\jre\bin\msvcp140.dll
0x00007ffea0be0000 - 0x00007ffea1842000 	C:\Users\Eya_\Desktop\sts-4.21.1.RELEASE\plugins\org.eclipse.justj.openjdk.hotspot.jre.full.win32.x86_64_17.0.10.v20240120-1143\jre\bin\server\jvm.dll
0x00007fff05f50000 - 0x00007fff06002000 	C:\Windows\System32\ADVAPI32.dll
0x00007fff06850000 - 0x00007fff068f8000 	C:\Windows\System32\sechost.dll
0x00007fff04ef0000 - 0x00007fff04f18000 	C:\Windows\System32\bcrypt.dll
0x00007fff05d80000 - 0x00007fff05e95000 	C:\Windows\System32\RPCRT4.dll
0x00007fff03820000 - 0x00007fff0386d000 	C:\Windows\SYSTEM32\POWRPROF.dll
0x00007ffee63a0000 - 0x00007ffee63a9000 	C:\Windows\SYSTEM32\WSOCK32.dll
0x00007fff06620000 - 0x00007fff06691000 	C:\Windows\System32\WS2_32.dll
0x00007ffef2bb0000 - 0x00007ffef2bba000 	C:\Windows\SYSTEM32\VERSION.dll
0x00007ffef7420000 - 0x00007ffef7454000 	C:\Windows\SYSTEM32\WINMM.dll
0x00007fff03800000 - 0x00007fff03813000 	C:\Windows\SYSTEM32\UMPDC.dll
0x00007fff03ab0000 - 0x00007fff03ac8000 	C:\Windows\SYSTEM32\kernel.appcore.dll
0x00007ffef6380000 - 0x00007ffef638a000 	C:\Users\Eya_\Desktop\sts-4.21.1.RELEASE\plugins\org.eclipse.justj.openjdk.hotspot.jre.full.win32.x86_64_17.0.10.v20240120-1143\jre\bin\jimage.dll
0x00007fff021c0000 - 0x00007fff023f3000 	C:\Windows\SYSTEM32\DBGHELP.DLL
0x00007fff060b0000 - 0x00007fff06438000 	C:\Windows\System32\combase.dll
0x00007fff074e0000 - 0x00007fff075b7000 	C:\Windows\System32\OLEAUT32.dll
0x00007ffeebaf0000 - 0x00007ffeebb22000 	C:\Windows\SYSTEM32\dbgcore.DLL
0x00007fff05040000 - 0x00007fff050b9000 	C:\Windows\System32\bcryptPrimitives.dll
0x00007ffeebe80000 - 0x00007ffeebea5000 	C:\Users\Eya_\Desktop\sts-4.21.1.RELEASE\plugins\org.eclipse.justj.openjdk.hotspot.jre.full.win32.x86_64_17.0.10.v20240120-1143\jre\bin\java.dll
0x00007ffed9410000 - 0x00007ffed9428000 	C:\Users\Eya_\Desktop\sts-4.21.1.RELEASE\plugins\org.eclipse.justj.openjdk.hotspot.jre.full.win32.x86_64_17.0.10.v20240120-1143\jre\bin\zip.dll
0x00007fff06c20000 - 0x00007fff0747c000 	C:\Windows\System32\SHELL32.dll
0x00007fff028d0000 - 0x00007fff031c9000 	C:\Windows\SYSTEM32\windows.storage.dll
0x00007fff02790000 - 0x00007fff028ce000 	C:\Windows\SYSTEM32\wintypes.dll
0x00007fff06510000 - 0x00007fff06603000 	C:\Windows\System32\SHCORE.dll
0x00007fff05bc0000 - 0x00007fff05c1e000 	C:\Windows\System32\shlwapi.dll
0x00007fff048e0000 - 0x00007fff04901000 	C:\Windows\SYSTEM32\profapi.dll
0x00007ffed93f0000 - 0x00007ffed9409000 	C:\Users\Eya_\Desktop\sts-4.21.1.RELEASE\plugins\org.eclipse.justj.openjdk.hotspot.jre.full.win32.x86_64_17.0.10.v20240120-1143\jre\bin\net.dll
0x00007ffefaf30000 - 0x00007ffefb066000 	C:\Windows\SYSTEM32\WINHTTP.dll
0x00007fff03f50000 - 0x00007fff03fb9000 	C:\Windows\system32\mswsock.dll
0x00007ffec10a0000 - 0x00007ffec10b6000 	C:\Users\Eya_\Desktop\sts-4.21.1.RELEASE\plugins\org.eclipse.justj.openjdk.hotspot.jre.full.win32.x86_64_17.0.10.v20240120-1143\jre\bin\nio.dll
0x00007ffec3e90000 - 0x00007ffec3e99000 	C:\Users\Eya_\Desktop\sts-4.21.1.RELEASE\plugins\org.eclipse.justj.openjdk.hotspot.jre.full.win32.x86_64_17.0.10.v20240120-1143\jre\bin\management.dll
0x00007ffec3e80000 - 0x00007ffec3e8b000 	C:\Users\Eya_\Desktop\sts-4.21.1.RELEASE\plugins\org.eclipse.justj.openjdk.hotspot.jre.full.win32.x86_64_17.0.10.v20240120-1143\jre\bin\management_ext.dll
0x00007fff06010000 - 0x00007fff06018000 	C:\Windows\System32\PSAPI.DLL
0x00007ffee2760000 - 0x00007ffee2777000 	C:\Windows\system32\napinsp.dll
0x00007ffee2740000 - 0x00007ffee275b000 	C:\Windows\system32\pnrpnsp.dll
0x00007fff034d0000 - 0x00007fff035c9000 	C:\Windows\SYSTEM32\DNSAPI.dll
0x00007fff034a0000 - 0x00007fff034cd000 	C:\Windows\SYSTEM32\IPHLPAPI.DLL
0x00007fff05b10000 - 0x00007fff05b19000 	C:\Windows\System32\NSI.dll
0x00007ffee2720000 - 0x00007ffee2731000 	C:\Windows\System32\winrnr.dll
0x00007ffef6c00000 - 0x00007ffef6c15000 	C:\Windows\system32\wshbth.dll
0x00007ffee1c60000 - 0x00007ffee1c81000 	C:\Windows\system32\nlansp_c.dll
0x0000000057510000 - 0x0000000057536000 	C:\Program Files\Bonjour\mdnsNSP.dll
0x00007ffef6c20000 - 0x00007ffef6c2a000 	C:\Windows\System32\rasadhlp.dll
0x00007ffef7070000 - 0x00007ffef70f3000 	C:\Windows\System32\fwpuclnt.dll
0x00007fff041b0000 - 0x00007fff041cb000 	C:\Windows\SYSTEM32\CRYPTSP.dll
0x00007fff03a10000 - 0x00007fff03a45000 	C:\Windows\system32\rsaenh.dll
0x00007fff04050000 - 0x00007fff04078000 	C:\Windows\SYSTEM32\USERENV.dll
0x00007fff041d0000 - 0x00007fff041dc000 	C:\Windows\SYSTEM32\CRYPTBASE.dll
0x00007ffefaa50000 - 0x00007ffefaa69000 	C:\Windows\SYSTEM32\dhcpcsvc6.DLL
0x00007ffefa810000 - 0x00007ffefa82f000 	C:\Windows\SYSTEM32\dhcpcsvc.DLL
0x00007ffec3e10000 - 0x00007ffec3e19000 	C:\Users\Eya_\Desktop\sts-4.21.1.RELEASE\plugins\org.eclipse.justj.openjdk.hotspot.jre.full.win32.x86_64_17.0.10.v20240120-1143\jre\bin\extnet.dll
0x00007ffebd250000 - 0x00007ffebd260000 	C:\Users\Eya_\Desktop\sts-4.21.1.RELEASE\plugins\org.eclipse.justj.openjdk.hotspot.jre.full.win32.x86_64_17.0.10.v20240120-1143\jre\bin\verify.dll
0x00007ffef2c60000 - 0x00007ffef2c6e000 	C:\Users\Eya_\Desktop\sts-4.21.1.RELEASE\plugins\org.eclipse.justj.openjdk.hotspot.jre.full.win32.x86_64_17.0.10.v20240120-1143\jre\bin\sunmscapi.dll
0x00007fff05250000 - 0x00007fff053b7000 	C:\Windows\System32\CRYPT32.dll
0x00007fff04350000 - 0x00007fff0437e000 	C:\Windows\SYSTEM32\ncrypt.dll
0x00007fff04310000 - 0x00007fff04347000 	C:\Windows\SYSTEM32\NTASN1.dll
0x00007ffed92f0000 - 0x00007ffed92f8000 	C:\Windows\system32\wshunix.dll

dbghelp: loaded successfully - version: 4.0.5 - missing functions: none
symbol engine: initialized successfully - sym options: 0x614 - pdb path: .;C:\Users\Eya_\Desktop\sts-4.21.1.RELEASE\plugins\org.eclipse.justj.openjdk.hotspot.jre.full.win32.x86_64_17.0.10.v20240120-1143\jre\bin;C:\Windows\SYSTEM32;C:\Windows\WinSxS\amd64_microsoft.windows.common-controls_6595b64144ccf1df_6.0.22621.3235_none_270f74e173860f98;C:\Users\Eya_\Desktop\sts-4.21.1.RELEASE\plugins\org.eclipse.justj.openjdk.hotspot.jre.full.win32.x86_64_17.0.10.v20240120-1143\jre\bin\server;C:\Program Files\Bonjour

VM Arguments:
jvm_args: -Dcom.sun.management.jmxremote -Dcom.sun.management.jmxremote.port=50297 -Dcom.sun.management.jmxremote.authenticate=false -Dcom.sun.management.jmxremote.ssl=false -Djava.rmi.server.hostname=localhost -Dspring.jmx.enabled=true -Dmanagement.endpoints.jmx.exposure.include=* -Dspring.application.admin.enabled=true -XX:TieredStopAtLevel=1 -Dspring.boot.project.name=AutoReport-2 -Dfile.encoding=UTF-8 -Dstdout.encoding=UTF-8 -Dstderr.encoding=UTF-8 -XX:+ShowCodeDetailsInExceptionMessages 
java_command: com.pfe_app.eya.AutoReport2Application --spring.output.ansi.enabled=always
java_class_path (initial): C:\Users\Eya_\Documents\java-workspace\Back-End\AutoReport-2\target\classes;C:\Users\Eya_\.m2\repository\org\springframework\boot\spring-boot-starter-data-jpa\3.0.7\spring-boot-starter-data-jpa-3.0.7.jar;C:\Users\Eya_\.m2\repository\org\springframework\boot\spring-boot-starter-aop\3.0.7\spring-boot-starter-aop-3.0.7.jar;C:\Users\Eya_\.m2\repository\org\springframework\spring-aop\6.0.9\spring-aop-6.0.9.jar;C:\Users\Eya_\.m2\repository\org\aspectj\aspectjweaver\1.9.19\aspectjweaver-1.9.19.jar;C:\Users\Eya_\.m2\repository\org\hibernate\orm\hibernate-core\6.1.7.Final\hibernate-core-6.1.7.Final.jar;C:\Users\Eya_\.m2\repository\jakarta\persistence\jakarta.persistence-api\3.1.0\jakarta.persistence-api-3.1.0.jar;C:\Users\Eya_\.m2\repository\jakarta\transaction\jakarta.transaction-api\2.0.1\jakarta.transaction-api-2.0.1.jar;C:\Users\Eya_\.m2\repository\org\jboss\logging\jboss-logging\3.5.0.Final\jboss-logging-3.5.0.Final.jar;C:\Users\Eya_\.m2\repository\org\hibernate\common\hibernate-commons-annotations\6.0.6.Final\hibernate-commons-annotations-6.0.6.Final.jar;C:\Users\Eya_\.m2\repository\org\jboss\jandex\2.4.2.Final\jandex-2.4.2.Final.jar;C:\Users\Eya_\.m2\repository\com\fasterxml\classmate\1.5.1\classmate-1.5.1.jar;C:\Users\Eya_\.m2\repository\net\bytebuddy\byte-buddy\1.12.23\byte-buddy-1.12.23.jar;C:\Users\Eya_\.m2\repository\org\glassfish\jaxb\jaxb-runtime\4.0.2\jaxb-runtime-4.0.2.jar;C:\Users\Eya_\.m2\repository\org\glassfish\jaxb\jaxb-core\4.0.2\jaxb-core-4.0.2.jar;C:\Users\Eya_\.m2\repository\org\glassfish\jaxb\txw2\4.0.2\txw2-4.0.2.jar;C:\Users\Eya_\.m2\repository\com\sun\istack\istack-commons-runtime\4.1.1\istack-commons-runtime-4.1.1.jar;C:\Users\Eya_\.m2\repository\jakarta\inject\jakarta.inject-api\2.0.0\jakarta.inject-api-2.0.0.jar;C:\Users\Eya_\.m2\repository\org\antlr\antlr4-runtime\4.10.1\antlr4-runtime-4.10.1.jar;C:\Users\Eya_\.m2\repository\org\springframework\data\spring-data-jpa\3.0.6\spring-data-jpa-3.0.6.jar;C:\Users\Eya_\.m2
Launcher Type: SUN_STANDARD

[Global flags]
     intx CICompilerCount                          = 4                                         {product} {ergonomic}
     uint ConcGCThreads                            = 2                                         {product} {ergonomic}
     uint G1ConcRefinementThreads                  = 8                                         {product} {ergonomic}
   size_t G1HeapRegionSize                         = 1048576                                   {product} {ergonomic}
    uintx GCDrainStackTargetSize                   = 64                                        {product} {ergonomic}
   size_t InitialHeapSize                          = 132120576                                 {product} {ergonomic}
     bool ManagementServer                         = true                                      {product} {command line}
   size_t MarkStackSize                            = 4194304                                   {product} {ergonomic}
   size_t MaxHeapSize                              = 2090860544                                {product} {ergonomic}
   size_t MaxNewSize                               = 1254096896                                {product} {ergonomic}
   size_t MinHeapDeltaBytes                        = 1048576                                   {product} {ergonomic}
   size_t MinHeapSize                              = 8388608                                   {product} {ergonomic}
    uintx NonProfiledCodeHeapSize                  = 0                                      {pd product} {ergonomic}
     bool ProfileInterpreter                       = false                                  {pd product} {command line}
    uintx ProfiledCodeHeapSize                     = 0                                      {pd product} {ergonomic}
     bool ShowCodeDetailsInExceptionMessages       = true                                   {manageable} {command line}
   size_t SoftMaxHeapSize                          = 2090860544                             {manageable} {ergonomic}
     intx TieredStopAtLevel                        = 1                                         {product} {command line}
     bool UseCompressedClassPointers               = true                           {product lp64_product} {ergonomic}
     bool UseCompressedOops                        = true                           {product lp64_product} {ergonomic}
     bool UseG1GC                                  = true                                      {product} {ergonomic}
     bool UseLargePagesIndividualAllocation        = false                                  {pd product} {ergonomic}

Logging:
Log output configuration:
 #0: stdout all=warning uptime,level,tags
 #1: stderr all=off uptime,level,tags

Environment Variables:
JAVA_HOME=C:\Java\jdk1.8.0_202\bin
PATH=C:/Users/Eya_/Desktop/sts-4.21.1.RELEASE//plugins/org.eclipse.justj.openjdk.hotspot.jre.full.win32.x86_64_17.0.10.v20240120-1143/jre/bin/server;C:/Users/Eya_/Desktop/sts-4.21.1.RELEASE//plugins/org.eclipse.justj.openjdk.hotspot.jre.full.win32.x86_64_17.0.10.v20240120-1143/jre/bin;C:\Program Files (x86)\Common Files\Oracle\Java\javapath;C:\Windows\system32;C:\Windows;C:\Windows\System32\Wbem;C:\Windows\System32\WindowsPowerShell\v1.0\;C:\Windows\System32\OpenSSH\;C:\Program Files (x86)\NVIDIA Corporation\PhysX\Common;C:\Program Files\NVIDIA Corporation\NVIDIA NvDLISR;C:\Program Files\Java\jre1.8.0_361;C:\Program Files\flutter\bin;C:\Program Files\Git\cmd;C:\xampp\php;C:\ProgramData\ComposerSetup\bin;C:\Program Files\MySQL\MySQL Server 8.0\bin;C:\Users\Eya_\anaconda3\pkgs\protego-0.1.16-py_0\info\test\tests\test_data;C:\hadoop-2.8.0\bin;C:\Java\jdk1.8.0_202\bin;C:\Program Files\Microsoft SQL Server\130\Tools\Binn\;C:\Program Files\Microsoft SQL Server\Client SDK\ODBC\170\Tools\Binn\;C:\Program Files (x86)\Microsoft SQL Server\150\Tools\Binn\;C:\Program Files\Microsoft SQL Server\150\Tools\Binn\;C:\Program Files (x86)\Microsoft SQL Server\150\DTS\Binn\;C:\Program Files\Microsoft SQL Server\150\DTS\Binn\;C:\hadoop-2.8.0\sbin;C:\Program Files (x86)\Microsoft SQL Server\110\DTS\Binn\;C:\Program Files (x86)\Microsoft SQL Server\120\DTS\Binn\;C:\Program Files (x86)\Microsoft SQL Server\130\DTS\Binn\;C:\Program Files (x86)\Microsoft SQL Server\140\DTS\Binn\;C:\Program Files (x86)\Microsoft SQL Server\160\DTS\Binn\;C:\Program Files\Azure Data Studio\bin;C:\Program Files\nodejs\;C:\Program Files\dotnet\;C:\Users\Eya_\AppData\Local\Programs\Python\Python311\Scripts\;C:\Users\Eya_\AppData\Local\Programs\Python\Python311\;C:\Users\Eya_\AppData\Local\Microsoft\WindowsApps;C:\Users\Eya_\AppData\Local\Programs\Microsoft VS Code\bin;C:\Users\Eya_\AppData\Roaming\Composer\vendor\bin;C:\Users\Eya_\AppData\Local\Programs\mongosh\;C:\Program Files\Azure Data Studio\bin;C:\Users\Eya_\Ap
USERNAME=Eya_
OS=Windows_NT
PROCESSOR_IDENTIFIER=Intel64 Family 6 Model 140 Stepping 2, GenuineIntel
TMP=C:\Users\Eya_\AppData\Local\Temp
TEMP=C:\Users\Eya_\AppData\Local\Temp



Periodic native trim disabled


---------------  S Y S T E M  ---------------

OS:
 Windows 11 , 64 bit Build 22621 (10.0.22621.3374)
OS uptime: 3 days 10:03 hours
Hyper-V role detected

CPU: total 8 (initial active 8) (4 cores per cpu, 2 threads per core) family 6 model 140 stepping 2 microcode 0x26, cx8, cmov, fxsr, ht, mmx, 3dnowpref, sse, sse2, sse3, ssse3, sse4.1, sse4.2, popcnt, lzcnt, tsc, tscinvbit, avx, avx2, aes, erms, clmul, bmi1, bmi2, adx, avx512f, avx512dq, avx512cd, avx512bw, avx512vl, sha, fma, vzeroupper, avx512_vpopcntdq, avx512_vpclmulqdq, avx512_vaes, avx512_vnni, clflush, clflushopt, clwb, avx512_vbmi2, avx512_vbmi, hv
Processor Information for all 8 processors :
  Max Mhz: 3187, Current Mhz: 3187, Mhz Limit: 3187

Memory: 4k page, system-wide physical 7975M (854M free)
TotalPageFile size 32551M (AvailPageFile size 182M)
current process WorkingSet (physical memory assigned to process): 73M, peak: 267M
current process commit charge ("private bytes"): 345M, peak: 571M

vm_info: OpenJDK 64-Bit Server VM (17.0.10+7) for windows-amd64 JRE (17.0.10+7), built on Jan 16 2024 23:25:11 by "admin" with MS VC++ 16.10 / 16.11 (VS2019)

END.
