#
# There is insufficient memory for the Java Runtime Environment to continue.
# Native memory allocation (mmap) failed to map 166723584 bytes for G1 virtual space
# Possible reasons:
#   The system is out of physical RAM or swap space
#   The process is running with CompressedOops enabled, and the Java Heap may be blocking the growth of the native heap
# Possible solutions:
#   Reduce memory load on the system
#   Increase physical memory or swap space
#   Check if swap backing store is full
#   Decrease Java heap size (-Xmx/-Xms)
#   Decrease number of Java threads
#   Decrease Java thread stack sizes (-Xss)
#   Set larger code cache with -XX:ReservedCodeCacheSize=
#   JVM is running with Unscaled Compressed Oops mode in which the Java heap is
#     placed in the first 4GB address space. The Java Heap base address is the
#     maximum limit for the native heap growth. Please use -XX:HeapBaseMinAddress
#     to set the Java Heap base and to place the Java Heap above 4GB virtual address.
# This output file may be truncated or incomplete.
#
#  Out of Memory Error (os_windows.cpp:3613), pid=20788, tid=22336
#
# JRE version: OpenJDK Runtime Environment Temurin-17.0.10+7 (17.0.10+7) (build 17.0.10+7)
# Java VM: OpenJDK 64-Bit Server VM Temurin-17.0.10+7 (17.0.10+7, mixed mode, emulated-client, tiered, compressed oops, compressed class ptrs, g1 gc, windows-amd64)
# No core dump will be written. Minidumps are not enabled by default on client versions of Windows
#

---------------  S U M M A R Y ------------

Command Line: -Dcom.sun.management.jmxremote -Dcom.sun.management.jmxremote.port=54094 -Dcom.sun.management.jmxremote.authenticate=false -Dcom.sun.management.jmxremote.ssl=false -Djava.rmi.server.hostname=localhost -Dspring.jmx.enabled=true -Dmanagement.endpoints.jmx.exposure.include=* -Dspring.application.admin.enabled=true -XX:TieredStopAtLevel=1 -Dspring.boot.project.name=AutoReport-2 -Dfile.encoding=UTF-8 -Dstdout.encoding=UTF-8 -Dstderr.encoding=UTF-8 -XX:+ShowCodeDetailsInExceptionMessages com.pfe_app.eya.AutoReport2Application --spring.output.ansi.enabled=always

Host: 11th Gen Intel(R) Core(TM) i5-11320H @ 3.20GHz, 8 cores, 7G,  Windows 11 , 64 bit Build 22621 (10.0.22621.3235)
Time: Wed Apr  3 16:28:29 2024 Afr. centrale Ouest elapsed time: 12390.933576 seconds (0d 3h 26m 30s)

---------------  T H R E A D  ---------------

Current thread (0x00000241c95811a0):  VMThread "VM Thread" [stack: 0x0000008595600000,0x0000008595700000] [id=22336]

Stack: [0x0000008595600000,0x0000008595700000]
Native frames: (J=compiled Java code, j=interpreted, Vv=VM code, C=native code)
V  [jvm.dll+0x67d2c9]
V  [jvm.dll+0x834afa]
V  [jvm.dll+0x8365be]
V  [jvm.dll+0x836c23]
V  [jvm.dll+0x2477ff]
V  [jvm.dll+0x67a109]
V  [jvm.dll+0x66eb7a]
V  [jvm.dll+0x30764b]
V  [jvm.dll+0x30eaf6]
V  [jvm.dll+0x35e83e]
V  [jvm.dll+0x35ea6f]
V  [jvm.dll+0x2de248]
V  [jvm.dll+0x2dc424]
V  [jvm.dll+0x2dba2c]
V  [jvm.dll+0x31faeb]
V  [jvm.dll+0x83b11b]
V  [jvm.dll+0x83be61]
V  [jvm.dll+0x83c37d]
V  [jvm.dll+0x83c754]
V  [jvm.dll+0x83c820]
V  [jvm.dll+0x7e3fba]
V  [jvm.dll+0x67c1b5]
C  [ucrtbase.dll+0x29363]
C  [KERNEL32.DLL+0x1257d]
C  [ntdll.dll+0x5aa58]

VM_Operation (0x00000085960fe4b0): G1CollectForAllocation, mode: safepoint, requested by thread 0x00000241d0ae4b30


---------------  P R O C E S S  ---------------

Threads class SMR info:
_java_thread_list=0x00000241c9610480, length=39, elements={
0x00000241c95cd020, 0x00000241c95cdbe0, 0x00000241c95b5720, 0x00000241c95b62e0,
0x00000241c95b8eb0, 0x00000241c95b9970, 0x00000241c95ba3e0, 0x00000241c9611410,
0x00000241c9526460, 0x00000241c97b9e80, 0x00000241ce5c5750, 0x00000241ce5c6340,
0x00000241ce5df160, 0x00000241ceaf8c50, 0x00000241ceb0c3b0, 0x00000241ceb0d7f0,
0x00000241ceb0b480, 0x00000241d0ae31e0, 0x00000241d0ae5f70, 0x00000241d0ae8d00,
0x00000241d0ae36f0, 0x00000241d0ae4b30, 0x00000241d0ae4110, 0x00000241d0ae5a60,
0x00000241d0ae9720, 0x00000241d0ae6480, 0x00000241d0ae4620, 0x00000241d0aea140,
0x00000241d0ae7dd0, 0x00000241d0ae9c30, 0x00000241d0ae73b0, 0x00000241d0ae78c0,
0x00000241d0ae82e0, 0x00000241d0ae6990, 0x00000241d0aea650, 0x00000241d0ae3c00,
0x00000241d0ae6ea0, 0x00000241ceb0dd00, 0x00000241ceb0c8c0
}

Java Threads: ( => current thread )
  0x00000241c95cd020 JavaThread "Reference Handler" daemon [_thread_blocked, id=37152, stack(0x0000008595700000,0x0000008595800000)]
  0x00000241c95cdbe0 JavaThread "Finalizer" daemon [_thread_blocked, id=17308, stack(0x0000008595800000,0x0000008595900000)]
  0x00000241c95b5720 JavaThread "Signal Dispatcher" daemon [_thread_blocked, id=13152, stack(0x0000008595900000,0x0000008595a00000)]
  0x00000241c95b62e0 JavaThread "Attach Listener" daemon [_thread_blocked, id=26888, stack(0x0000008595a00000,0x0000008595b00000)]
  0x00000241c95b8eb0 JavaThread "Service Thread" daemon [_thread_blocked, id=35544, stack(0x0000008595b00000,0x0000008595c00000)]
  0x00000241c95b9970 JavaThread "Monitor Deflation Thread" daemon [_thread_blocked, id=16436, stack(0x0000008595c00000,0x0000008595d00000)]
  0x00000241c95ba3e0 JavaThread "C1 CompilerThread0" daemon [_thread_blocked, id=21200, stack(0x0000008595d00000,0x0000008595e00000)]
  0x00000241c9611410 JavaThread "Sweeper thread" daemon [_thread_blocked, id=19068, stack(0x0000008595e00000,0x0000008595f00000)]
  0x00000241c9526460 JavaThread "Common-Cleaner" daemon [_thread_blocked, id=23256, stack(0x0000008595f00000,0x0000008596000000)]
  0x00000241c97b9e80 JavaThread "Notification Thread" daemon [_thread_blocked, id=10128, stack(0x0000008596100000,0x0000008596200000)]
  0x00000241ce5c5750 JavaThread "RMI TCP Accept-0" daemon [_thread_blocked, id=8356, stack(0x0000008596200000,0x0000008596300000)]
  0x00000241ce5c6340 JavaThread "RMI TCP Accept-54094" daemon [_thread_in_native, id=33360, stack(0x0000008596300000,0x0000008596400000)]
  0x00000241ce5df160 JavaThread "RMI TCP Accept-0" daemon [_thread_in_native, id=12968, stack(0x0000008596400000,0x0000008596500000)]
  0x00000241ceaf8c50 JavaThread "RMI Scheduler(0)" daemon [_thread_blocked, id=29220, stack(0x0000008597200000,0x0000008597300000)]
  0x00000241ceb0c3b0 JavaThread "RMI TCP Connection(idle)" daemon [_thread_blocked, id=28796, stack(0x0000008597500000,0x0000008597600000)]
  0x00000241ceb0d7f0 JavaThread "JMX server connection timeout 25" daemon [_thread_blocked, id=24816, stack(0x0000008597600000,0x0000008597700000)]
  0x00000241ceb0b480 JavaThread "mysql-cj-abandoned-connection-cleanup" daemon [_thread_blocked, id=17796, stack(0x0000008597700000,0x0000008597800000)]
  0x00000241d0ae31e0 JavaThread "Live Reload Server" daemon [_thread_in_native, id=33496, stack(0x0000008598100000,0x0000008598200000)]
  0x00000241d0ae5f70 JavaThread "DestroyJavaVM" [_thread_blocked, id=31784, stack(0x0000008595000000,0x0000008595100000)]
  0x00000241d0ae8d00 JavaThread "File Watcher" daemon [_thread_blocked, id=8532, stack(0x0000008594d00000,0x0000008594e00000)]
  0x00000241d0ae36f0 JavaThread "File Watcher" daemon [_thread_blocked, id=25744, stack(0x0000008594e00000,0x0000008594f00000)]
  0x00000241d0ae4b30 JavaThread "File Watcher" daemon [_thread_blocked, id=31532, stack(0x0000008596000000,0x0000008596100000)]
  0x00000241d0ae4110 JavaThread "HikariPool-5 housekeeper" daemon [_thread_blocked, id=11580, stack(0x0000008597300000,0x0000008597400000)]
  0x00000241d0ae5a60 JavaThread "Catalina-utility-1" [_thread_blocked, id=26144, stack(0x0000008597a00000,0x0000008597b00000)]
  0x00000241d0ae9720 JavaThread "Catalina-utility-2" [_thread_blocked, id=20468, stack(0x0000008597b00000,0x0000008597c00000)]
  0x00000241d0ae6480 JavaThread "container-3" [_thread_blocked, id=35152, stack(0x0000008597c00000,0x0000008597d00000)]
  0x00000241d0ae4620 JavaThread "File Watcher" daemon [_thread_blocked, id=22560, stack(0x0000008597d00000,0x0000008597e00000)]
  0x00000241d0aea140 JavaThread "http-nio-8080-exec-1" daemon [_thread_blocked, id=31924, stack(0x0000008597e00000,0x0000008597f00000)]
  0x00000241d0ae7dd0 JavaThread "http-nio-8080-exec-2" daemon [_thread_blocked, id=36244, stack(0x0000008597f00000,0x0000008598000000)]
  0x00000241d0ae9c30 JavaThread "http-nio-8080-exec-3" daemon [_thread_blocked, id=26988, stack(0x0000008598000000,0x0000008598100000)]
  0x00000241d0ae73b0 JavaThread "http-nio-8080-exec-4" daemon [_thread_blocked, id=14652, stack(0x0000008598200000,0x0000008598300000)]
  0x00000241d0ae78c0 JavaThread "http-nio-8080-exec-5" daemon [_thread_blocked, id=37268, stack(0x0000008598300000,0x0000008598400000)]
  0x00000241d0ae82e0 JavaThread "http-nio-8080-exec-6" daemon [_thread_blocked, id=18784, stack(0x0000008598400000,0x0000008598500000)]
  0x00000241d0ae6990 JavaThread "http-nio-8080-exec-7" daemon [_thread_blocked, id=10952, stack(0x0000008598500000,0x0000008598600000)]
  0x00000241d0aea650 JavaThread "http-nio-8080-exec-8" daemon [_thread_blocked, id=19724, stack(0x0000008598600000,0x0000008598700000)]
  0x00000241d0ae3c00 JavaThread "http-nio-8080-exec-9" daemon [_thread_blocked, id=19924, stack(0x0000008598700000,0x0000008598800000)]
  0x00000241d0ae6ea0 JavaThread "http-nio-8080-exec-10" daemon [_thread_blocked, id=33972, stack(0x0000008598800000,0x0000008598900000)]
  0x00000241ceb0dd00 JavaThread "http-nio-8080-Poller" daemon [_thread_blocked, id=36024, stack(0x0000008598900000,0x0000008598a00000)]
  0x00000241ceb0c8c0 JavaThread "http-nio-8080-Acceptor" daemon [_thread_in_native, id=18676, stack(0x0000008598a00000,0x0000008598b00000)]

Other Threads:
=>0x00000241c95811a0 VMThread "VM Thread" [stack: 0x0000008595600000,0x0000008595700000] [id=22336]
  0x00000241b98e5120 WatcherThread [stack: 0x0000008596500000,0x0000008596600000] [id=25256]
  0x00000241b9940110 GCTaskThread "GC Thread#0" [stack: 0x0000008595100000,0x0000008595200000] [id=25204]
  0x00000241ce927840 GCTaskThread "GC Thread#1" [stack: 0x0000008596600000,0x0000008596700000] [id=36216]
  0x00000241ce927b00 GCTaskThread "GC Thread#2" [stack: 0x0000008596700000,0x0000008596800000] [id=17392]
  0x00000241ce91e7c0 GCTaskThread "GC Thread#3" [stack: 0x0000008596800000,0x0000008596900000] [id=10584]
  0x00000241ce9c7df0 GCTaskThread "GC Thread#4" [stack: 0x0000008596900000,0x0000008596a00000] [id=25976]
  0x00000241ce9ea130 GCTaskThread "GC Thread#5" [stack: 0x0000008596a00000,0x0000008596b00000] [id=26216]
  0x00000241ce9ea3f0 GCTaskThread "GC Thread#6" [stack: 0x0000008596b00000,0x0000008596c00000] [id=24876]
  0x00000241ce9ee6c0 GCTaskThread "GC Thread#7" [stack: 0x0000008596c00000,0x0000008596d00000] [id=31156]
  0x00000241b9951140 ConcurrentGCThread "G1 Main Marker" [stack: 0x0000008595200000,0x0000008595300000] [id=32636]
  0x00000241b9951b60 ConcurrentGCThread "G1 Conc#0" [stack: 0x0000008595300000,0x0000008595400000] [id=19392]
  0x00000241cea19d40 ConcurrentGCThread "G1 Conc#1" [stack: 0x0000008597800000,0x0000008597900000] [id=5892]
  0x00000241c93f0df0 ConcurrentGCThread "G1 Refine#0" [stack: 0x0000008595400000,0x0000008595500000] [id=28184]
  0x00000241ce927dc0 ConcurrentGCThread "G1 Refine#1" [stack: 0x0000008596d00000,0x0000008596e00000] [id=20656]
  0x00000241ce9f8be0 ConcurrentGCThread "G1 Refine#2" [stack: 0x0000008596e00000,0x0000008596f00000] [id=37572]
  0x00000241d0b48cb0 ConcurrentGCThread "G1 Refine#3" [stack: 0x0000008594f00000,0x0000008595000000] [id=32964]
  0x00000241c93f1820 ConcurrentGCThread "G1 Service" [stack: 0x0000008595500000,0x0000008595600000] [id=19780]

Threads with active compile tasks:

VM state: at safepoint (normal execution)

VM Mutex/Monitor currently owned by a thread:  ([mutex/lock_event])
[0x00000241b98e0fc0] Threads_lock - owner thread: 0x00000241c95811a0
[0x00000241b98e0ab0] Heap_lock - owner thread: 0x00000241d0ae4b30

Heap address: 0x0000000083600000, size: 1994 MB, Compressed Oops mode: 32-bit

CDS archive(s) not mapped
Compressed class space mapped at: 0x0000000100000000-0x0000000140000000, reserved size: 1073741824
Narrow klass base: 0x0000000000000000, Narrow klass shift: 3, Narrow klass range: 0x140000000

GC Precious Log:
 CPUs: 8 total, 8 available
 Memory: 7975M
 Large Page Support: Disabled
 NUMA Support: Disabled
 Compressed Oops: Enabled (32-bit)
 Heap Region Size: 1M
 Heap Min Capacity: 8M
 Heap Initial Capacity: 126M
 Heap Max Capacity: 1994M
 Pre-touch: Disabled
 Parallel Workers: 8
 Concurrent Workers: 2
 Concurrent Refinement Workers: 8
 Periodic GC: Disabled

Heap:
 garbage-first heap   total 129024K, used 42464K [0x0000000083600000, 0x0000000100000000)
  region size 1024K, 1 young (1024K), 1 survivors (1024K)
 Metaspace       used 78113K, committed 79104K, reserved 1179648K
  class space    used 10752K, committed 11136K, reserved 1048576K

Heap Regions: E=young(eden), S=young(survivor), O=old, HS=humongous(starts), HC=humongous(continues), CS=collection set, F=free, OA=open archive, CA=closed archive, TAMS=top-at-mark-start (previous, next)
|   0|0x0000000083600000, 0x0000000083700000, 0x0000000083700000|100%|HS|  |TAMS 0x0000000083700000, 0x0000000083600000| Complete 
|   1|0x0000000083700000, 0x0000000083800000, 0x0000000083800000|100%| O|  |TAMS 0x0000000083800000, 0x0000000083700000| Untracked 
|   2|0x0000000083800000, 0x00000000838fffd0, 0x0000000083900000| 99%| O|  |TAMS 0x00000000838fffd0, 0x0000000083800000| Untracked 
|   3|0x0000000083900000, 0x0000000083a00000, 0x0000000083a00000|100%| O|  |TAMS 0x0000000083a00000, 0x0000000083900000| Untracked 
|   4|0x0000000083a00000, 0x0000000083b00000, 0x0000000083b00000|100%| O|  |TAMS 0x0000000083b00000, 0x0000000083a00000| Untracked 
|   5|0x0000000083b00000, 0x0000000083bffff8, 0x0000000083c00000| 99%| O|  |TAMS 0x0000000083bffff8, 0x0000000083b00000| Untracked 
|   6|0x0000000083c00000, 0x0000000083d00000, 0x0000000083d00000|100%| O|  |TAMS 0x0000000083d00000, 0x0000000083c00000| Untracked 
|   7|0x0000000083d00000, 0x0000000083e00000, 0x0000000083e00000|100%| O|  |TAMS 0x0000000083e00000, 0x0000000083d00000| Untracked 
|   8|0x0000000083e00000, 0x0000000083effff8, 0x0000000083f00000| 99%| O|  |TAMS 0x0000000083effff8, 0x0000000083e00000| Untracked 
|   9|0x0000000083f00000, 0x0000000083fffff0, 0x0000000084000000| 99%| O|  |TAMS 0x0000000083fffff0, 0x0000000083f00000| Untracked 
|  10|0x0000000084000000, 0x00000000840ffff8, 0x0000000084100000| 99%| O|  |TAMS 0x00000000840ffff8, 0x0000000084000000| Untracked 
|  11|0x0000000084100000, 0x00000000841fffb0, 0x0000000084200000| 99%| O|  |TAMS 0x00000000841fffb0, 0x0000000084100000| Untracked 
|  12|0x0000000084200000, 0x00000000842fff78, 0x0000000084300000| 99%| O|  |TAMS 0x00000000842fff78, 0x0000000084200000| Untracked 
|  13|0x0000000084300000, 0x00000000843ffff8, 0x0000000084400000| 99%| O|  |TAMS 0x00000000843ffff8, 0x0000000084300000| Untracked 
|  14|0x0000000084400000, 0x00000000844fffa0, 0x0000000084500000| 99%| O|  |TAMS 0x00000000844fffa0, 0x0000000084400000| Untracked 
|  15|0x0000000084500000, 0x00000000845fffc8, 0x0000000084600000| 99%| O|  |TAMS 0x00000000845fffc8, 0x0000000084500000| Untracked 
|  16|0x0000000084600000, 0x00000000846fd060, 0x0000000084700000| 98%| O|  |TAMS 0x00000000846fd060, 0x0000000084600000| Untracked 
|  17|0x0000000084700000, 0x00000000847ffff8, 0x0000000084800000| 99%| O|  |TAMS 0x00000000847ffff8, 0x0000000084700000| Untracked 
|  18|0x0000000084800000, 0x0000000084800000, 0x0000000084900000|  0%| F|  |TAMS 0x0000000084800000, 0x0000000084800000| Untracked 
|  19|0x0000000084900000, 0x0000000084a00000, 0x0000000084a00000|100%| O|  |TAMS 0x0000000084a00000, 0x0000000084900000| Untracked 
|  20|0x0000000084a00000, 0x0000000084b00000, 0x0000000084b00000|100%| O|  |TAMS 0x0000000084b00000, 0x0000000084a00000| Untracked 
|  21|0x0000000084b00000, 0x0000000084bfffd8, 0x0000000084c00000| 99%| O|  |TAMS 0x0000000084bfffd8, 0x0000000084b00000| Untracked 
|  22|0x0000000084c00000, 0x0000000084cf8428, 0x0000000084d00000| 96%| O|  |TAMS 0x0000000084cf8428, 0x0000000084c00000| Untracked 
|  23|0x0000000084d00000, 0x0000000084e00000, 0x0000000084e00000|100%| O|  |TAMS 0x0000000084d00000, 0x0000000084d00000| Untracked 
|  24|0x0000000084e00000, 0x0000000084e6d600, 0x0000000084f00000| 42%| O|  |TAMS 0x0000000084e00000, 0x0000000084e00000| Untracked 
|  25|0x0000000084f00000, 0x0000000084ffffe8, 0x0000000085000000| 99%| O|  |TAMS 0x0000000084ffffe8, 0x0000000084f00000| Untracked 
|  26|0x0000000085000000, 0x0000000085000000, 0x0000000085100000|  0%| F|  |TAMS 0x0000000085000000, 0x0000000085000000| Untracked 
|  27|0x0000000085100000, 0x00000000851fffc8, 0x0000000085200000| 99%| O|  |TAMS 0x00000000851fffc8, 0x0000000085100000| Untracked 
|  28|0x0000000085200000, 0x0000000085200000, 0x0000000085300000|  0%| F|  |TAMS 0x0000000085200000, 0x0000000085200000| Untracked 
|  29|0x0000000085300000, 0x0000000085300000, 0x0000000085400000|  0%| F|  |TAMS 0x0000000085300000, 0x0000000085300000| Untracked 
|  30|0x0000000085400000, 0x0000000085400000, 0x0000000085500000|  0%| F|  |TAMS 0x0000000085400000, 0x0000000085400000| Untracked 
|  31|0x0000000085500000, 0x0000000085500000, 0x0000000085600000|  0%| F|  |TAMS 0x0000000085500000, 0x0000000085500000| Untracked 
|  32|0x0000000085600000, 0x0000000085700000, 0x0000000085700000|100%| O|  |TAMS 0x0000000085700000, 0x0000000085600000| Untracked 
|  33|0x0000000085700000, 0x0000000085800000, 0x0000000085800000|100%| O|  |TAMS 0x0000000085800000, 0x0000000085700000| Complete 
|  34|0x0000000085800000, 0x0000000085900000, 0x0000000085900000|100%| O|  |TAMS 0x0000000085900000, 0x0000000085800000| Untracked 
|  35|0x0000000085900000, 0x0000000085900000, 0x0000000085a00000|  0%| F|  |TAMS 0x0000000085900000, 0x0000000085900000| Untracked 
|  36|0x0000000085a00000, 0x0000000085b00000, 0x0000000085b00000|100%| O|  |TAMS 0x0000000085b00000, 0x0000000085a00000| Untracked 
|  37|0x0000000085b00000, 0x0000000085c00000, 0x0000000085c00000|100%| O|  |TAMS 0x0000000085c00000, 0x0000000085b00000| Untracked 
|  38|0x0000000085c00000, 0x0000000085d00000, 0x0000000085d00000|100%| O|  |TAMS 0x0000000085d00000, 0x0000000085c00000| Untracked 
|  39|0x0000000085d00000, 0x0000000085d00000, 0x0000000085e00000|  0%| F|  |TAMS 0x0000000085d00000, 0x0000000085d00000| Untracked 
|  40|0x0000000085e00000, 0x0000000085f00000, 0x0000000085f00000|100%| O|  |TAMS 0x0000000085f00000, 0x0000000085e00000| Untracked 
|  41|0x0000000085f00000, 0x0000000086000000, 0x0000000086000000|100%| O|  |TAMS 0x0000000086000000, 0x0000000085f00000| Complete 
|  42|0x0000000086000000, 0x0000000086100000, 0x0000000086100000|100%| O|  |TAMS 0x0000000086100000, 0x0000000086000000| Untracked 
|  43|0x0000000086100000, 0x0000000086100000, 0x0000000086200000|  0%| F|  |TAMS 0x0000000086100000, 0x0000000086100000| Untracked 
|  44|0x0000000086200000, 0x0000000086200000, 0x0000000086300000|  0%| F|  |TAMS 0x0000000086200000, 0x0000000086200000| Untracked 
|  45|0x0000000086300000, 0x0000000086400000, 0x0000000086400000|100%| O|  |TAMS 0x00000000863a7c00, 0x0000000086300000| Untracked 
|  46|0x0000000086400000, 0x0000000086500000, 0x0000000086500000|100%| O|  |TAMS 0x0000000086400000, 0x0000000086400000| Untracked 
|  47|0x0000000086500000, 0x0000000086600000, 0x0000000086600000|100%| O|  |TAMS 0x0000000086500000, 0x0000000086500000| Untracked 
|  48|0x0000000086600000, 0x0000000086700000, 0x0000000086700000|100%| O|  |TAMS 0x0000000086600000, 0x0000000086600000| Untracked 
|  49|0x0000000086700000, 0x0000000086800000, 0x0000000086800000|100%| O|  |TAMS 0x0000000086700000, 0x0000000086700000| Untracked 
|  50|0x0000000086800000, 0x0000000086900000, 0x0000000086900000|100%| O|  |TAMS 0x0000000086800000, 0x0000000086800000| Untracked 
|  51|0x0000000086900000, 0x0000000086a00000, 0x0000000086a00000|100%| O|  |TAMS 0x0000000086900000, 0x0000000086900000| Untracked 
|  52|0x0000000086a00000, 0x0000000086a00000, 0x0000000086b00000|  0%| F|  |TAMS 0x0000000086a00000, 0x0000000086a00000| Untracked 
|  53|0x0000000086b00000, 0x0000000086b00000, 0x0000000086c00000|  0%| F|  |TAMS 0x0000000086b00000, 0x0000000086b00000| Untracked 
|  54|0x0000000086c00000, 0x0000000086c00000, 0x0000000086d00000|  0%| F|  |TAMS 0x0000000086c00000, 0x0000000086c00000| Untracked 
|  55|0x0000000086d00000, 0x0000000086d00000, 0x0000000086e00000|  0%| F|  |TAMS 0x0000000086d00000, 0x0000000086d00000| Untracked 
|  56|0x0000000086e00000, 0x0000000086e00000, 0x0000000086f00000|  0%| F|  |TAMS 0x0000000086e00000, 0x0000000086e00000| Untracked 
|  57|0x0000000086f00000, 0x0000000086f00000, 0x0000000087000000|  0%| F|  |TAMS 0x0000000086f00000, 0x0000000086f00000| Untracked 
|  58|0x0000000087000000, 0x0000000087000000, 0x0000000087100000|  0%| F|  |TAMS 0x0000000087000000, 0x0000000087000000| Untracked 
|  59|0x0000000087100000, 0x0000000087100000, 0x0000000087200000|  0%| F|  |TAMS 0x0000000087100000, 0x0000000087100000| Untracked 
|  60|0x0000000087200000, 0x0000000087200000, 0x0000000087300000|  0%| F|  |TAMS 0x0000000087200000, 0x0000000087200000| Untracked 
|  61|0x0000000087300000, 0x0000000087300000, 0x0000000087400000|  0%| F|  |TAMS 0x0000000087300000, 0x0000000087300000| Untracked 
|  62|0x0000000087400000, 0x0000000087400000, 0x0000000087500000|  0%| F|  |TAMS 0x0000000087400000, 0x0000000087400000| Untracked 
|  63|0x0000000087500000, 0x0000000087500000, 0x0000000087600000|  0%| F|  |TAMS 0x0000000087500000, 0x0000000087500000| Untracked 
|  64|0x0000000087600000, 0x0000000087600000, 0x0000000087700000|  0%| F|  |TAMS 0x0000000087600000, 0x0000000087600000| Untracked 
|  65|0x0000000087700000, 0x0000000087700000, 0x0000000087800000|  0%| F|  |TAMS 0x0000000087700000, 0x0000000087700000| Untracked 
|  66|0x0000000087800000, 0x0000000087800000, 0x0000000087900000|  0%| F|  |TAMS 0x0000000087800000, 0x0000000087800000| Untracked 
|  67|0x0000000087900000, 0x0000000087900000, 0x0000000087a00000|  0%| F|  |TAMS 0x0000000087900000, 0x0000000087900000| Untracked 
|  68|0x0000000087a00000, 0x0000000087a00000, 0x0000000087b00000|  0%| F|  |TAMS 0x0000000087a00000, 0x0000000087a00000| Untracked 
|  69|0x0000000087b00000, 0x0000000087b00000, 0x0000000087c00000|  0%| F|  |TAMS 0x0000000087b00000, 0x0000000087b00000| Untracked 
|  70|0x0000000087c00000, 0x0000000087c00000, 0x0000000087d00000|  0%| F|  |TAMS 0x0000000087c00000, 0x0000000087c00000| Untracked 
|  71|0x0000000087d00000, 0x0000000087d00000, 0x0000000087e00000|  0%| F|  |TAMS 0x0000000087d00000, 0x0000000087d00000| Untracked 
|  72|0x0000000087e00000, 0x0000000087e00000, 0x0000000087f00000|  0%| F|  |TAMS 0x0000000087e00000, 0x0000000087e00000| Untracked 
|  73|0x0000000087f00000, 0x0000000087f00000, 0x0000000088000000|  0%| F|  |TAMS 0x0000000087f00000, 0x0000000087f00000| Untracked 
|  74|0x0000000088000000, 0x0000000088000000, 0x0000000088100000|  0%| F|  |TAMS 0x0000000088000000, 0x0000000088000000| Untracked 
|  75|0x0000000088100000, 0x0000000088100000, 0x0000000088200000|  0%| F|  |TAMS 0x0000000088100000, 0x0000000088100000| Untracked 
|  76|0x0000000088200000, 0x0000000088200000, 0x0000000088300000|  0%| F|  |TAMS 0x0000000088200000, 0x0000000088200000| Untracked 
|  77|0x0000000088300000, 0x0000000088300000, 0x0000000088400000|  0%| F|  |TAMS 0x0000000088300000, 0x0000000088300000| Untracked 
|  78|0x0000000088400000, 0x0000000088400000, 0x0000000088500000|  0%| F|  |TAMS 0x0000000088400000, 0x0000000088400000| Untracked 
|  79|0x0000000088500000, 0x0000000088500000, 0x0000000088600000|  0%| F|  |TAMS 0x0000000088500000, 0x0000000088500000| Untracked 
|  80|0x0000000088600000, 0x0000000088600000, 0x0000000088700000|  0%| F|  |TAMS 0x0000000088600000, 0x0000000088600000| Untracked 
|  81|0x0000000088700000, 0x0000000088700000, 0x0000000088800000|  0%| F|  |TAMS 0x0000000088700000, 0x0000000088700000| Untracked 
|  82|0x0000000088800000, 0x0000000088800000, 0x0000000088900000|  0%| F|  |TAMS 0x0000000088800000, 0x0000000088800000| Untracked 
|  83|0x0000000088900000, 0x0000000088900000, 0x0000000088a00000|  0%| F|  |TAMS 0x0000000088900000, 0x0000000088900000| Untracked 
|  84|0x0000000088a00000, 0x0000000088a00000, 0x0000000088b00000|  0%| F|  |TAMS 0x0000000088a00000, 0x0000000088a00000| Untracked 
|  85|0x0000000088b00000, 0x0000000088b00000, 0x0000000088c00000|  0%| F|  |TAMS 0x0000000088b00000, 0x0000000088b00000| Untracked 
|  86|0x0000000088c00000, 0x0000000088c00000, 0x0000000088d00000|  0%| F|  |TAMS 0x0000000088c00000, 0x0000000088c00000| Untracked 
|  87|0x0000000088d00000, 0x0000000088d00000, 0x0000000088e00000|  0%| F|  |TAMS 0x0000000088d00000, 0x0000000088d00000| Untracked 
|  88|0x0000000088e00000, 0x0000000088e00000, 0x0000000088f00000|  0%| F|  |TAMS 0x0000000088e00000, 0x0000000088e00000| Untracked 
|  89|0x0000000088f00000, 0x0000000088f00000, 0x0000000089000000|  0%| F|  |TAMS 0x0000000088f00000, 0x0000000088f00000| Untracked 
|  90|0x0000000089000000, 0x0000000089000000, 0x0000000089100000|  0%| F|  |TAMS 0x0000000089000000, 0x0000000089000000| Untracked 
|  91|0x0000000089100000, 0x0000000089100000, 0x0000000089200000|  0%| F|  |TAMS 0x0000000089100000, 0x0000000089100000| Untracked 
|  92|0x0000000089200000, 0x0000000089200000, 0x0000000089300000|  0%| F|  |TAMS 0x0000000089200000, 0x0000000089200000| Untracked 
|  93|0x0000000089300000, 0x0000000089300000, 0x0000000089400000|  0%| F|  |TAMS 0x0000000089300000, 0x0000000089300000| Untracked 
|  94|0x0000000089400000, 0x0000000089415b40, 0x0000000089500000|  8%| S|CS|TAMS 0x0000000089400000, 0x0000000089400000| Complete 
|  95|0x0000000089500000, 0x0000000089500000, 0x0000000089600000|  0%| F|  |TAMS 0x0000000089500000, 0x0000000089500000| Untracked 
|  96|0x0000000089600000, 0x0000000089600000, 0x0000000089700000|  0%| F|  |TAMS 0x0000000089600000, 0x0000000089600000| Untracked 
|  97|0x0000000089700000, 0x0000000089700000, 0x0000000089800000|  0%| F|  |TAMS 0x0000000089700000, 0x0000000089700000| Untracked 
|  98|0x0000000089800000, 0x0000000089800000, 0x0000000089900000|  0%| F|  |TAMS 0x0000000089800000, 0x0000000089800000| Untracked 
|  99|0x0000000089900000, 0x0000000089900000, 0x0000000089a00000|  0%| F|  |TAMS 0x0000000089900000, 0x0000000089900000| Untracked 
| 100|0x0000000089a00000, 0x0000000089a00000, 0x0000000089b00000|  0%| F|  |TAMS 0x0000000089a00000, 0x0000000089a00000| Untracked 
| 101|0x0000000089b00000, 0x0000000089b00000, 0x0000000089c00000|  0%| F|  |TAMS 0x0000000089b00000, 0x0000000089b00000| Untracked 
| 102|0x0000000089c00000, 0x0000000089c00000, 0x0000000089d00000|  0%| F|  |TAMS 0x0000000089c00000, 0x0000000089c00000| Untracked 
| 103|0x0000000089d00000, 0x0000000089d00000, 0x0000000089e00000|  0%| F|  |TAMS 0x0000000089d00000, 0x0000000089d00000| Untracked 
| 104|0x0000000089e00000, 0x0000000089e00000, 0x0000000089f00000|  0%| F|  |TAMS 0x0000000089e00000, 0x0000000089e00000| Untracked 
| 105|0x0000000089f00000, 0x0000000089f00000, 0x000000008a000000|  0%| F|  |TAMS 0x0000000089f00000, 0x0000000089f00000| Untracked 
| 106|0x000000008a000000, 0x000000008a000000, 0x000000008a100000|  0%| F|  |TAMS 0x000000008a000000, 0x000000008a000000| Untracked 
| 107|0x000000008a100000, 0x000000008a100000, 0x000000008a200000|  0%| F|  |TAMS 0x000000008a100000, 0x000000008a100000| Untracked 
| 108|0x000000008a200000, 0x000000008a200000, 0x000000008a300000|  0%| F|  |TAMS 0x000000008a200000, 0x000000008a200000| Untracked 
| 109|0x000000008a300000, 0x000000008a300000, 0x000000008a400000|  0%| F|  |TAMS 0x000000008a300000, 0x000000008a300000| Untracked 
| 110|0x000000008a400000, 0x000000008a400000, 0x000000008a500000|  0%| F|  |TAMS 0x000000008a400000, 0x000000008a400000| Untracked 
| 111|0x000000008a500000, 0x000000008a500000, 0x000000008a600000|  0%| F|  |TAMS 0x000000008a500000, 0x000000008a500000| Untracked 
| 112|0x000000008a600000, 0x000000008a600000, 0x000000008a700000|  0%| F|  |TAMS 0x000000008a600000, 0x000000008a600000| Untracked 
| 113|0x000000008a700000, 0x000000008a700000, 0x000000008a800000|  0%| F|  |TAMS 0x000000008a700000, 0x000000008a700000| Untracked 
| 114|0x000000008a800000, 0x000000008a800000, 0x000000008a900000|  0%| F|  |TAMS 0x000000008a800000, 0x000000008a800000| Untracked 
| 115|0x000000008a900000, 0x000000008a900000, 0x000000008aa00000|  0%| F|  |TAMS 0x000000008a900000, 0x000000008a900000| Untracked 
| 116|0x000000008aa00000, 0x000000008aa00000, 0x000000008ab00000|  0%| F|  |TAMS 0x000000008aa00000, 0x000000008aa00000| Untracked 
| 117|0x000000008ab00000, 0x000000008ab00000, 0x000000008ac00000|  0%| F|  |TAMS 0x000000008ab00000, 0x000000008ab00000| Untracked 
| 118|0x000000008ac00000, 0x000000008ac00000, 0x000000008ad00000|  0%| F|  |TAMS 0x000000008ac00000, 0x000000008ac00000| Untracked 
| 119|0x000000008ad00000, 0x000000008ad00000, 0x000000008ae00000|  0%| F|  |TAMS 0x000000008ad00000, 0x000000008ad00000| Untracked 
| 120|0x000000008ae00000, 0x000000008ae00000, 0x000000008af00000|  0%| F|  |TAMS 0x000000008ae00000, 0x000000008ae00000| Untracked 
| 121|0x000000008af00000, 0x000000008af00000, 0x000000008b000000|  0%| F|  |TAMS 0x000000008af00000, 0x000000008af00000| Untracked 
| 122|0x000000008b000000, 0x000000008b000000, 0x000000008b100000|  0%| F|  |TAMS 0x000000008b000000, 0x000000008b000000| Untracked 
| 123|0x000000008b100000, 0x000000008b100000, 0x000000008b200000|  0%| F|  |TAMS 0x000000008b100000, 0x000000008b100000| Untracked 
| 124|0x000000008b200000, 0x000000008b200000, 0x000000008b300000|  0%| F|  |TAMS 0x000000008b200000, 0x000000008b200000| Untracked 
| 125|0x000000008b300000, 0x000000008b300000, 0x000000008b400000|  0%| F|  |TAMS 0x000000008b300000, 0x000000008b300000| Untracked 

Card table byte_map: [0x00000241c2430000,0x00000241c2820000] _byte_map_base: 0x00000241c2015000

Marking Bits (Prev, Next): (CMBitMap*) 0x00000241b9940730, (CMBitMap*) 0x00000241b9940770
 Prev Bits: [0x00000241c2c10000, 0x00000241c4b38000)
 Next Bits: [0x00000241c4b40000, 0x00000241c6a68000)

Polling page: 0x00000241b9760000

Metaspace:

Usage:
  Non-class:     65.78 MB used.
      Class:     10.50 MB used.
       Both:     76.28 MB used.

Virtual space:
  Non-class space:      128.00 MB reserved,      66.38 MB ( 52%) committed,  2 nodes.
      Class space:        1.00 GB reserved,      10.88 MB (  1%) committed,  1 nodes.
             Both:        1.12 GB reserved,      77.25 MB (  7%) committed. 

Chunk freelists:
   Non-Class:  13.11 MB
       Class:  5.10 MB
        Both:  18.21 MB

MaxMetaspaceSize: unlimited
CompressedClassSpaceSize: 1.00 GB
Initial GC threshold: 21.00 MB
Current GC threshold: 128.75 MB
CDS: off
MetaspaceReclaimPolicy: balanced
 - commit_granule_bytes: 65536.
 - commit_granule_words: 8192.
 - virtual_space_node_default_size: 8388608.
 - enlarge_chunks_in_place: 1.
 - new_chunks_are_fully_committed: 0.
 - uncommit_free_chunks: 1.
 - use_allocation_guard: 0.
 - handle_deallocations: 1.


Internal statistics:

num_allocs_failed_limit: 8.
num_arena_births: 822.
num_arena_deaths: 292.
num_vsnodes_births: 3.
num_vsnodes_deaths: 0.
num_space_committed: 1236.
num_space_uncommitted: 0.
num_chunks_returned_to_freelist: 355.
num_chunks_taken_from_freelist: 3368.
num_chunk_merges: 122.
num_chunk_splits: 2418.
num_chunks_enlarged: 1859.
num_inconsistent_stats: 0.

CodeCache: size=49152Kb used=13579Kb max_used=13979Kb free=35572Kb
 bounds [0x00000241be7c0000, 0x00000241bf570000, 0x00000241c17c0000]
 total_blobs=8374 nmethods=7740 adapters=560
 compilation: enabled
              stopped_count=0, restarted_count=0
 full_count=0

Compilation events (20 events):
Event: 12091.102 Thread 0x00000241c95ba3e0 7743       1       sun.rmi.transport.StreamRemoteCall::<init> (35 bytes)
Event: 12091.118 Thread 0x00000241c95ba3e0 nmethod 7743 0x00000241bf4fda90 code [0x00000241bf4fdc20, 0x00000241bf4fddf8]
Event: 12091.118 Thread 0x00000241c95ba3e0 7744   !   1       sun.rmi.transport.Transport::serviceCall (349 bytes)
Event: 12091.264 Thread 0x00000241c95ba3e0 nmethod 7744 0x00000241bf4f9390 code [0x00000241bf4f9960, 0x00000241bf4fb7e8]
Event: 12091.264 Thread 0x00000241c95ba3e0 7750       1       java.lang.ClassLoader::getPlatformClassLoader (21 bytes)
Event: 12091.268 Thread 0x00000241c95ba3e0 nmethod 7750 0x00000241bf4f8e90 code [0x00000241bf4f9040, 0x00000241bf4f9238]
Event: 12205.846 Thread 0x00000241c95ba3e0 7751   !   1       org.apache.catalina.core.ContainerBase$ContainerBackgroundProcessor::processChildren (202 bytes)
Event: 12205.849 Thread 0x00000241c95ba3e0 nmethod 7751 0x00000241bf4f6e10 code [0x00000241bf4f7140, 0x00000241bf4f8278]
Event: 12205.849 Thread 0x00000241c95ba3e0 7752   !   1       org.apache.catalina.core.ContainerBase::backgroundProcess (168 bytes)
Event: 12205.850 Thread 0x00000241c95ba3e0 nmethod 7752 0x00000241bf4f5c90 code [0x00000241bf4f5f00, 0x00000241bf4f6838]
Event: 12205.850 Thread 0x00000241c95ba3e0 7753       1       org.apache.catalina.core.StandardPipeline::getFirst (17 bytes)
Event: 12205.850 Thread 0x00000241c95ba3e0 nmethod 7753 0x00000241bf4f5990 code [0x00000241bf4f5b20, 0x00000241bf4f5c18]
Event: 12305.922 Thread 0x00000241c95ba3e0 7754       1       java.util.Comparator$$Lambda$1290/0x000000010057cb70::compare (10 bytes)
Event: 12305.947 Thread 0x00000241c95ba3e0 nmethod 7754 0x00000241bf4f5510 code [0x00000241bf4f56c0, 0x00000241bf4f5898]
Event: 12305.947 Thread 0x00000241c95ba3e0 7755       1       java.util.Comparator::lambda$comparingLong$6043328a$1 (18 bytes)
Event: 12305.947 Thread 0x00000241c95ba3e0 nmethod 7755 0x00000241bf4f5110 code [0x00000241bf4f52c0, 0x00000241bf4f5458]
Event: 12325.949 Thread 0x00000241c95ba3e0 7756       1       org.apache.catalina.core.StandardWrapper::getServlet (5 bytes)
Event: 12325.967 Thread 0x00000241c95ba3e0 nmethod 7756 0x00000241bf4f4e10 code [0x00000241bf4f4fa0, 0x00000241bf4f5078]
Event: 12376.001 Thread 0x00000241c95ba3e0 7757   !   1       org.apache.catalina.core.StandardContext::getLoader (38 bytes)
Event: 12376.039 Thread 0x00000241c95ba3e0 nmethod 7757 0x00000241bf4f4690 code [0x00000241bf4f4880, 0x00000241bf4f4b58]

GC Heap History (20 events):
Event: 11734.741 GC heap after
{Heap after GC invocations=65 (full 1):
 garbage-first heap   total 88064K, used 40642K [0x0000000083600000, 0x0000000100000000)
  region size 1024K, 4 young (4096K), 4 survivors (4096K)
 Metaspace       used 77974K, committed 78592K, reserved 1179648K
  class space    used 10781K, committed 11072K, reserved 1048576K
}
Event: 11734.907 GC heap before
{Heap before GC invocations=65 (full 1):
 garbage-first heap   total 88064K, used 69314K [0x0000000083600000, 0x0000000100000000)
  region size 1024K, 33 young (33792K), 4 survivors (4096K)
 Metaspace       used 78028K, committed 78720K, reserved 1179648K
  class space    used 10791K, committed 11136K, reserved 1048576K
}
Event: 11734.920 GC heap after
{Heap after GC invocations=66 (full 1):
 garbage-first heap   total 88064K, used 42680K [0x0000000083600000, 0x0000000100000000)
  region size 1024K, 4 young (4096K), 4 survivors (4096K)
 Metaspace       used 78028K, committed 78720K, reserved 1179648K
  class space    used 10791K, committed 11136K, reserved 1048576K
}
Event: 11735.183 GC heap before
{Heap before GC invocations=67 (full 1):
 garbage-first heap   total 101376K, used 71352K [0x0000000083600000, 0x0000000100000000)
  region size 1024K, 32 young (32768K), 4 survivors (4096K)
 Metaspace       used 78177K, committed 78848K, reserved 1179648K
  class space    used 10803K, committed 11136K, reserved 1048576K
}
Event: 11735.189 GC heap after
{Heap after GC invocations=68 (full 1):
 garbage-first heap   total 101376K, used 44153K [0x0000000083600000, 0x0000000100000000)
  region size 1024K, 4 young (4096K), 4 survivors (4096K)
 Metaspace       used 78177K, committed 78848K, reserved 1179648K
  class space    used 10803K, committed 11136K, reserved 1048576K
}
Event: 11735.191 GC heap before
{Heap before GC invocations=68 (full 1):
 garbage-first heap   total 101376K, used 45177K [0x0000000083600000, 0x0000000100000000)
  region size 1024K, 5 young (5120K), 4 survivors (4096K)
 Metaspace       used 78177K, committed 78848K, reserved 1179648K
  class space    used 10803K, committed 11136K, reserved 1048576K
}
Event: 11735.202 GC heap after
{Heap after GC invocations=69 (full 1):
 garbage-first heap   total 101376K, used 44189K [0x0000000083600000, 0x0000000100000000)
  region size 1024K, 1 young (1024K), 1 survivors (1024K)
 Metaspace       used 78177K, committed 78848K, reserved 1179648K
  class space    used 10803K, committed 11136K, reserved 1048576K
}
Event: 11735.457 GC heap before
{Heap before GC invocations=69 (full 1):
 garbage-first heap   total 101376K, used 82077K [0x0000000083600000, 0x0000000100000000)
  region size 1024K, 38 young (38912K), 1 survivors (1024K)
 Metaspace       used 78408K, committed 79040K, reserved 1179648K
  class space    used 10819K, committed 11136K, reserved 1048576K
}
Event: 11735.459 GC heap after
{Heap after GC invocations=70 (full 1):
 garbage-first heap   total 101376K, used 46336K [0x0000000083600000, 0x0000000100000000)
  region size 1024K, 3 young (3072K), 3 survivors (3072K)
 Metaspace       used 78408K, committed 79040K, reserved 1179648K
  class space    used 10819K, committed 11136K, reserved 1048576K
}
Event: 11787.838 GC heap before
{Heap before GC invocations=70 (full 1):
 garbage-first heap   total 101376K, used 82176K [0x0000000083600000, 0x0000000100000000)
  region size 1024K, 38 young (38912K), 3 survivors (3072K)
 Metaspace       used 78446K, committed 79104K, reserved 1179648K
  class space    used 10824K, committed 11136K, reserved 1048576K
}
Event: 11787.842 GC heap after
{Heap after GC invocations=71 (full 1):
 garbage-first heap   total 101376K, used 47481K [0x0000000083600000, 0x0000000100000000)
  region size 1024K, 4 young (4096K), 4 survivors (4096K)
 Metaspace       used 78446K, committed 79104K, reserved 1179648K
  class space    used 10824K, committed 11136K, reserved 1048576K
}
Event: 11973.918 GC heap before
{Heap before GC invocations=71 (full 1):
 garbage-first heap   total 101376K, used 83321K [0x0000000083600000, 0x0000000100000000)
  region size 1024K, 39 young (39936K), 4 survivors (4096K)
 Metaspace       used 78456K, committed 79104K, reserved 1179648K
  class space    used 10826K, committed 11136K, reserved 1048576K
}
Event: 11974.006 GC heap after
{Heap after GC invocations=72 (full 1):
 garbage-first heap   total 101376K, used 47594K [0x0000000083600000, 0x0000000100000000)
  region size 1024K, 2 young (2048K), 2 survivors (2048K)
 Metaspace       used 78456K, committed 79104K, reserved 1179648K
  class space    used 10826K, committed 11136K, reserved 1048576K
}
Event: 12165.176 GC heap before
{Heap before GC invocations=72 (full 1):
 garbage-first heap   total 101376K, used 84458K [0x0000000083600000, 0x0000000100000000)
  region size 1024K, 38 young (38912K), 2 survivors (2048K)
 Metaspace       used 78456K, committed 79104K, reserved 1179648K
  class space    used 10826K, committed 11136K, reserved 1048576K
}
Event: 12165.240 GC heap after
{Heap after GC invocations=73 (full 1):
 garbage-first heap   total 101376K, used 47405K [0x0000000083600000, 0x0000000100000000)
  region size 1024K, 2 young (2048K), 2 survivors (2048K)
 Metaspace       used 78456K, committed 79104K, reserved 1179648K
  class space    used 10826K, committed 11136K, reserved 1048576K
}
Event: 12363.409 GC heap before
{Heap before GC invocations=74 (full 1):
 garbage-first heap   total 101376K, used 85293K [0x0000000083600000, 0x0000000100000000)
  region size 1024K, 39 young (39936K), 2 survivors (2048K)
 Metaspace       used 78113K, committed 79104K, reserved 1179648K
  class space    used 10752K, committed 11136K, reserved 1048576K
}
Event: 12363.509 GC heap after
{Heap after GC invocations=75 (full 1):
 garbage-first heap   total 101376K, used 47414K [0x0000000083600000, 0x0000000100000000)
  region size 1024K, 2 young (2048K), 2 survivors (2048K)
 Metaspace       used 78113K, committed 79104K, reserved 1179648K
  class space    used 10752K, committed 11136K, reserved 1048576K
}
Event: 12374.402 GC heap before
{Heap before GC invocations=75 (full 1):
 garbage-first heap   total 101376K, used 49462K [0x0000000083600000, 0x0000000100000000)
  region size 1024K, 4 young (4096K), 2 survivors (2048K)
 Metaspace       used 78113K, committed 79104K, reserved 1179648K
  class space    used 10752K, committed 11136K, reserved 1048576K
}
Event: 12375.476 GC heap after
{Heap after GC invocations=76 (full 1):
 garbage-first heap   total 101376K, used 42955K [0x0000000083600000, 0x0000000100000000)
  region size 1024K, 1 young (1024K), 1 survivors (1024K)
 Metaspace       used 78113K, committed 79104K, reserved 1179648K
  class space    used 10752K, committed 11136K, reserved 1048576K
}
Event: 12390.879 GC heap before
{Heap before GC invocations=76 (full 1):
 garbage-first heap   total 101376K, used 46027K [0x0000000083600000, 0x0000000100000000)
  region size 1024K, 4 young (4096K), 1 survivors (1024K)
 Metaspace       used 78113K, committed 79104K, reserved 1179648K
  class space    used 10752K, committed 11136K, reserved 1048576K
}

Dll operation events (10 events):
Event: 0.008 Loaded shared library C:\Users\Eya_\Desktop\sts-4.21.1.RELEASE\plugins\org.eclipse.justj.openjdk.hotspot.jre.full.win32.x86_64_17.0.10.v20240120-1143\jre\bin\java.dll
Event: 0.265 Loaded shared library C:\Users\Eya_\Desktop\sts-4.21.1.RELEASE\plugins\org.eclipse.justj.openjdk.hotspot.jre.full.win32.x86_64_17.0.10.v20240120-1143\jre\bin\jimage.dll
Event: 0.278 Loaded shared library C:\Users\Eya_\Desktop\sts-4.21.1.RELEASE\plugins\org.eclipse.justj.openjdk.hotspot.jre.full.win32.x86_64_17.0.10.v20240120-1143\jre\bin\net.dll
Event: 0.280 Loaded shared library C:\Users\Eya_\Desktop\sts-4.21.1.RELEASE\plugins\org.eclipse.justj.openjdk.hotspot.jre.full.win32.x86_64_17.0.10.v20240120-1143\jre\bin\nio.dll
Event: 0.284 Loaded shared library C:\Users\Eya_\Desktop\sts-4.21.1.RELEASE\plugins\org.eclipse.justj.openjdk.hotspot.jre.full.win32.x86_64_17.0.10.v20240120-1143\jre\bin\zip.dll
Event: 0.358 Loaded shared library C:\Users\Eya_\Desktop\sts-4.21.1.RELEASE\plugins\org.eclipse.justj.openjdk.hotspot.jre.full.win32.x86_64_17.0.10.v20240120-1143\jre\bin\management.dll
Event: 0.378 Loaded shared library C:\Users\Eya_\Desktop\sts-4.21.1.RELEASE\plugins\org.eclipse.justj.openjdk.hotspot.jre.full.win32.x86_64_17.0.10.v20240120-1143\jre\bin\management_ext.dll
Event: 0.692 Loaded shared library C:\Users\Eya_\Desktop\sts-4.21.1.RELEASE\plugins\org.eclipse.justj.openjdk.hotspot.jre.full.win32.x86_64_17.0.10.v20240120-1143\jre\bin\extnet.dll
Event: 5.100 Loaded shared library C:\Users\Eya_\Desktop\sts-4.21.1.RELEASE\plugins\org.eclipse.justj.openjdk.hotspot.jre.full.win32.x86_64_17.0.10.v20240120-1143\jre\bin\verify.dll
Event: 6.962 Loaded shared library C:\Users\Eya_\Desktop\sts-4.21.1.RELEASE\plugins\org.eclipse.justj.openjdk.hotspot.jre.full.win32.x86_64_17.0.10.v20240120-1143\jre\bin\sunmscapi.dll

Deoptimization events (8 events):
Event: 7.785 Thread 0x00000241ceb0cdd0 DEOPT PACKING pc=0x00000241bebb7e17 sp=0x0000008597afee00
Event: 7.785 Thread 0x00000241ceb0cdd0 DEOPT UNPACKING pc=0x00000241be81ace3 sp=0x0000008597afe258 mode 3
Event: 8.684 Thread 0x00000241ce9de6d0 DEOPT PACKING pc=0x00000241beda8314 sp=0x00000085970fa880
Event: 8.684 Thread 0x00000241ce9de6d0 DEOPT UNPACKING pc=0x00000241be81ace3 sp=0x00000085970f9dd8 mode 0
Event: 9.355 Thread 0x00000241ce9de6d0 DEOPT PACKING pc=0x00000241bee298c2 sp=0x00000085970f56c0
Event: 9.355 Thread 0x00000241ce9de6d0 DEOPT UNPACKING pc=0x00000241be81ace3 sp=0x00000085970f4bc8 mode 3
Event: 9.355 Thread 0x00000241ce9de6d0 DEOPT PACKING pc=0x00000241bedf0bb5 sp=0x00000085970f5680
Event: 9.355 Thread 0x00000241ce9de6d0 DEOPT UNPACKING pc=0x00000241be81ace3 sp=0x00000085970f4bc8 mode 3

Classes unloaded (20 events):
Event: 12165.469 Thread 0x00000241c95811a0 Unloading class 0x0000000100142800 'java/lang/invoke/LambdaForm$MH+0x0000000100142800'
Event: 12165.469 Thread 0x00000241c95811a0 Unloading class 0x0000000100141800 'jdk/internal/reflect/GeneratedSerializationConstructorAccessor3'
Event: 12165.469 Thread 0x00000241c95811a0 Unloading class 0x0000000100141400 'jdk/internal/reflect/GeneratedSerializationConstructorAccessor2'
Event: 12165.469 Thread 0x00000241c95811a0 Unloading class 0x0000000100141000 'jdk/internal/reflect/GeneratedSerializationConstructorAccessor1'
Event: 12165.469 Thread 0x00000241c95811a0 Unloading class 0x0000000100140800 'java/lang/invoke/LambdaForm$DMH+0x0000000100140800'
Event: 12165.469 Thread 0x00000241c95811a0 Unloading class 0x0000000100140000 'java/lang/invoke/LambdaForm$DMH+0x0000000100140000'
Event: 12165.469 Thread 0x00000241c95811a0 Unloading class 0x00000001000c6c00 'jdk/internal/reflect/GeneratedConstructorAccessor1'
Event: 12165.470 Thread 0x00000241c95811a0 Unloading class 0x00000001000c6000 'java/lang/invoke/LambdaForm$MH+0x00000001000c6000'
Event: 12165.470 Thread 0x00000241c95811a0 Unloading class 0x00000001000c5c00 'java/lang/invoke/LambdaForm$MH+0x00000001000c5c00'
Event: 12165.470 Thread 0x00000241c95811a0 Unloading class 0x00000001000c5800 'java/lang/invoke/LambdaForm$MH+0x00000001000c5800'
Event: 12165.470 Thread 0x00000241c95811a0 Unloading class 0x00000001000c5400 'java/lang/invoke/LambdaForm$MH+0x00000001000c5400'
Event: 12165.470 Thread 0x00000241c95811a0 Unloading class 0x00000001000c5000 'java/lang/invoke/LambdaForm$MH+0x00000001000c5000'
Event: 12165.470 Thread 0x00000241c95811a0 Unloading class 0x00000001000c4c00 'java/lang/invoke/LambdaForm$MH+0x00000001000c4c00'
Event: 12165.470 Thread 0x00000241c95811a0 Unloading class 0x00000001000c3c00 'java/lang/invoke/LambdaForm$MH+0x00000001000c3c00'
Event: 12165.470 Thread 0x00000241c95811a0 Unloading class 0x00000001000c3800 'java/lang/invoke/LambdaForm$MH+0x00000001000c3800'
Event: 12165.470 Thread 0x00000241c95811a0 Unloading class 0x00000001000c3000 'java/lang/invoke/LambdaForm$MH+0x00000001000c3000'
Event: 12165.470 Thread 0x00000241c95811a0 Unloading class 0x00000001000c2400 'java/lang/invoke/LambdaForm$MH+0x00000001000c2400'
Event: 12165.470 Thread 0x00000241c95811a0 Unloading class 0x00000001000c1c00 'java/lang/invoke/LambdaForm$MH+0x00000001000c1c00'
Event: 12165.470 Thread 0x00000241c95811a0 Unloading class 0x00000001000c1400 'java/lang/invoke/LambdaForm$MH+0x00000001000c1400'
Event: 12165.470 Thread 0x00000241c95811a0 Unloading class 0x00000001000c0c00 'java/lang/invoke/LambdaForm$MH+0x00000001000c0c00'

Classes redefined (0 events):
No events

Internal exceptions (20 events):
Event: 11708.109 Thread 0x00000241d0aea650 Exception <a 'java/lang/reflect/InvocationTargetException'{0x0000000087660028}> (0x0000000087660028) 
thrown [s\src\hotspot\share\runtime\reflection.cpp, line 1121]
Event: 11734.693 Thread 0x00000241d0ae87f0 Exception <a 'sun/nio/fs/WindowsException'{0x000000008718d698}> (0x000000008718d698) 
thrown [s\src\hotspot\share\prims\jni.cpp, line 516]
Event: 11734.935 Thread 0x00000241d0ae87f0 Exception <a 'java/lang/NoClassDefFoundError'{0x000000008ac930b0}: org/flywaydb/core/Flyway> (0x000000008ac930b0) 
thrown [s\src\hotspot\share\oops\constantPool.cpp, line 835]
Event: 11734.935 Thread 0x00000241d0ae87f0 Exception <a 'java/lang/NoClassDefFoundError'{0x000000008ac93700}: liquibase/integration/spring/SpringLiquibase> (0x000000008ac93700) 
thrown [s\src\hotspot\share\oops\constantPool.cpp, line 835]
Event: 11734.939 Thread 0x00000241d0ae87f0 Exception <a 'java/lang/NoClassDefFoundError'{0x000000008ab09068}: org/jooq/DSLContext> (0x000000008ab09068) 
thrown [s\src\hotspot\share\oops\constantPool.cpp, line 835]
Event: 11734.939 Thread 0x00000241d0ae87f0 Exception <a 'java/lang/NoClassDefFoundError'{0x000000008ab185f0}: org/springframework/batch/core/repository/JobRepository> (0x000000008ab185f0) 
thrown [s\src\hotspot\share\oops\constantPool.cpp, line 835]
Event: 11734.939 Thread 0x00000241d0ae87f0 Exception <a 'java/lang/NoClassDefFoundError'{0x000000008ab18c38}: org/quartz/Scheduler> (0x000000008ab18c38) 
thrown [s\src\hotspot\share\oops\constantPool.cpp, line 835]
Event: 11734.939 Thread 0x00000241d0ae87f0 Exception <a 'java/lang/NoClassDefFoundError'{0x000000008ab192a8}: org/springframework/session/jdbc/JdbcIndexedSessionRepository> (0x000000008ab192a8) 
thrown [s\src\hotspot\share\oops\constantPool.cpp, line 835]
Event: 11735.004 Thread 0x00000241d0ae87f0 Exception <a 'sun/nio/fs/WindowsException'{0x0000000087f80520}> (0x0000000087f80520) 
thrown [s\src\hotspot\share\prims\jni.cpp, line 516]
Event: 11735.004 Thread 0x00000241d0ae87f0 Exception <a 'sun/nio/fs/WindowsException'{0x0000000087f80b28}> (0x0000000087f80b28) 
thrown [s\src\hotspot\share\prims\jni.cpp, line 516]
Event: 11735.004 Thread 0x00000241d0ae87f0 Exception <a 'sun/nio/fs/WindowsException'{0x0000000087f81200}> (0x0000000087f81200) 
thrown [s\src\hotspot\share\prims\jni.cpp, line 516]
Event: 11735.015 Thread 0x00000241d0ae87f0 Exception <a 'java/io/FileNotFoundException'{0x0000000087fc9cf0}> (0x0000000087fc9cf0) 
thrown [s\src\hotspot\share\prims\jni.cpp, line 516]
Event: 11735.022 Thread 0x00000241d0ae87f0 Exception <a 'java/io/FileNotFoundException'{0x0000000087e960c0}> (0x0000000087e960c0) 
thrown [s\src\hotspot\share\prims\jni.cpp, line 516]
Event: 11735.210 Thread 0x00000241d0ae87f0 Exception <a 'java/lang/reflect/InvocationTargetException'{0x0000000089293170}> (0x0000000089293170) 
thrown [s\src\hotspot\share\runtime\reflection.cpp, line 1121]
Event: 11735.210 Thread 0x00000241d0ae87f0 Exception <a 'java/lang/reflect/InvocationTargetException'{0x000000008929f540}> (0x000000008929f540) 
thrown [s\src\hotspot\share\runtime\reflection.cpp, line 1121]
Event: 11735.211 Thread 0x00000241d0ae87f0 Exception <a 'java/lang/reflect/InvocationTargetException'{0x00000000892aa690}> (0x00000000892aa690) 
thrown [s\src\hotspot\share\runtime\reflection.cpp, line 1121]
Event: 11735.228 Thread 0x00000241d0ae87f0 Exception <a 'java/io/FileNotFoundException'{0x0000000088f69440}> (0x0000000088f69440) 
thrown [s\src\hotspot\share\prims\jni.cpp, line 516]
Event: 11735.382 Thread 0x00000241d0ae87f0 Exception <a 'java/lang/reflect/InvocationTargetException'{0x0000000087a4dac0}> (0x0000000087a4dac0) 
thrown [s\src\hotspot\share\runtime\reflection.cpp, line 1121]
Event: 11735.382 Thread 0x00000241d0ae87f0 Exception <a 'java/lang/reflect/InvocationTargetException'{0x0000000087a539a8}> (0x0000000087a539a8) 
thrown [s\src\hotspot\share\runtime\reflection.cpp, line 1121]
Event: 11791.099 Thread 0x00000241ceb0c3b0 Exception <a 'java/lang/NoSuchMethodError'{0x000000008ac13780}: static [B.<clinit>()V> (0x000000008ac13780) 
thrown [s\src\hotspot\share\prims\jni.cpp, line 1107]

VM Operations (20 events):
Event: 11855.433 Executing VM operation: Cleanup done
Event: 11879.673 Executing VM operation: Cleanup
Event: 11879.673 Executing VM operation: Cleanup done
Event: 11880.679 Executing VM operation: Cleanup
Event: 11880.681 Executing VM operation: Cleanup done
Event: 11973.857 Executing VM operation: G1CollectForAllocation
Event: 11974.007 Executing VM operation: G1CollectForAllocation done
Event: 12165.173 Executing VM operation: G1CollectForAllocation
Event: 12165.241 Executing VM operation: G1CollectForAllocation done
Event: 12165.452 Executing VM operation: G1PauseRemark
Event: 12165.790 Executing VM operation: G1PauseRemark done
Event: 12165.806 Executing VM operation: G1PauseCleanup
Event: 12166.015 Executing VM operation: G1PauseCleanup done
Event: 12216.400 Executing VM operation: Cleanup
Event: 12216.400 Executing VM operation: Cleanup done
Event: 12363.408 Executing VM operation: G1CollectForAllocation
Event: 12363.509 Executing VM operation: G1CollectForAllocation done
Event: 12374.402 Executing VM operation: G1CollectForAllocation
Event: 12375.476 Executing VM operation: G1CollectForAllocation done
Event: 12390.879 Executing VM operation: G1CollectForAllocation

Events (20 events):
Event: 11735.229 Thread 0x00000241d0ae6480 Thread added: 0x00000241d0ae6480
Event: 11735.273 loading class java/time/DurationEditor
Event: 11735.274 loading class java/time/DurationEditor done
Event: 11735.652 Thread 0x00000241d0ae4620 Thread added: 0x00000241d0ae4620
Event: 11735.665 Thread 0x00000241d0aea140 Thread added: 0x00000241d0aea140
Event: 11735.665 Thread 0x00000241d0ae7dd0 Thread added: 0x00000241d0ae7dd0
Event: 11735.665 Thread 0x00000241d0ae9c30 Thread added: 0x00000241d0ae9c30
Event: 11735.665 Thread 0x00000241d0ae73b0 Thread added: 0x00000241d0ae73b0
Event: 11735.665 Thread 0x00000241d0ae78c0 Thread added: 0x00000241d0ae78c0
Event: 11735.665 Thread 0x00000241d0ae82e0 Thread added: 0x00000241d0ae82e0
Event: 11735.665 Thread 0x00000241d0ae6990 Thread added: 0x00000241d0ae6990
Event: 11735.665 Thread 0x00000241d0aea650 Thread added: 0x00000241d0aea650
Event: 11735.665 Thread 0x00000241d0ae3c00 Thread added: 0x00000241d0ae3c00
Event: 11735.666 Thread 0x00000241d0ae6ea0 Thread added: 0x00000241d0ae6ea0
Event: 11735.676 Thread 0x00000241ceb0dd00 Thread added: 0x00000241ceb0dd00
Event: 11735.677 Thread 0x00000241ceb0c8c0 Thread added: 0x00000241ceb0c8c0
Event: 11735.689 Thread 0x00000241d0ae87f0 Thread exited: 0x00000241d0ae87f0
Event: 11735.689 Thread 0x00000241d0ae2cd0 Thread exited: 0x00000241d0ae2cd0
Event: 11740.338 Thread 0x00000241d0ae5550 Thread exited: 0x00000241d0ae5550
Event: 11744.679 Thread 0x00000241ce89eeb0 Thread exited: 0x00000241ce89eeb0


Dynamic libraries:
0x00007ff77aef0000 - 0x00007ff77aefe000 	C:\Users\Eya_\Desktop\sts-4.21.1.RELEASE\plugins\org.eclipse.justj.openjdk.hotspot.jre.full.win32.x86_64_17.0.10.v20240120-1143\jre\bin\javaw.exe
0x00007ff9b4290000 - 0x00007ff9b44a6000 	C:\Windows\SYSTEM32\ntdll.dll
0x00007ff9b30b0000 - 0x00007ff9b3174000 	C:\Windows\System32\KERNEL32.DLL
0x00007ff9b16f0000 - 0x00007ff9b1a96000 	C:\Windows\System32\KERNELBASE.dll
0x00007ff9b1c10000 - 0x00007ff9b1d21000 	C:\Windows\System32\ucrtbase.dll
0x00007ff993540000 - 0x00007ff993557000 	C:\Users\Eya_\Desktop\sts-4.21.1.RELEASE\plugins\org.eclipse.justj.openjdk.hotspot.jre.full.win32.x86_64_17.0.10.v20240120-1143\jre\bin\jli.dll
0x00007ff9b3700000 - 0x00007ff9b38ad000 	C:\Windows\System32\USER32.dll
0x00007ff9b1fb0000 - 0x00007ff9b1fd6000 	C:\Windows\System32\win32u.dll
0x00007ff9b3360000 - 0x00007ff9b3389000 	C:\Windows\System32\GDI32.dll
0x00007ff9b15d0000 - 0x00007ff9b16e8000 	C:\Windows\System32\gdi32full.dll
0x00007ff9b1f10000 - 0x00007ff9b1faa000 	C:\Windows\System32\msvcp_win.dll
0x00007ff9a4d90000 - 0x00007ff9a4dab000 	C:\Users\Eya_\Desktop\sts-4.21.1.RELEASE\plugins\org.eclipse.justj.openjdk.hotspot.jre.full.win32.x86_64_17.0.10.v20240120-1143\jre\bin\VCRUNTIME140.dll
0x00007ff99ee50000 - 0x00007ff99f0e3000 	C:\Windows\WinSxS\amd64_microsoft.windows.common-controls_6595b64144ccf1df_6.0.22621.3235_none_270f74e173860f98\COMCTL32.dll
0x00007ff9b2690000 - 0x00007ff9b2737000 	C:\Windows\System32\msvcrt.dll
0x00007ff9b35c0000 - 0x00007ff9b35f1000 	C:\Windows\System32\IMM32.DLL
0x00007ff9a5de0000 - 0x00007ff9a5dec000 	C:\Users\Eya_\Desktop\sts-4.21.1.RELEASE\plugins\org.eclipse.justj.openjdk.hotspot.jre.full.win32.x86_64_17.0.10.v20240120-1143\jre\bin\vcruntime140_1.dll
0x00007ff956e00000 - 0x00007ff956e8d000 	C:\Users\Eya_\Desktop\sts-4.21.1.RELEASE\plugins\org.eclipse.justj.openjdk.hotspot.jre.full.win32.x86_64_17.0.10.v20240120-1143\jre\bin\msvcp140.dll
0x00007ff93ed30000 - 0x00007ff93f992000 	C:\Users\Eya_\Desktop\sts-4.21.1.RELEASE\plugins\org.eclipse.justj.openjdk.hotspot.jre.full.win32.x86_64_17.0.10.v20240120-1143\jre\bin\server\jvm.dll
0x00007ff9b2f70000 - 0x00007ff9b3022000 	C:\Windows\System32\ADVAPI32.dll
0x00007ff9b4110000 - 0x00007ff9b41b8000 	C:\Windows\System32\sechost.dll
0x00007ff9b1e70000 - 0x00007ff9b1e98000 	C:\Windows\System32\bcrypt.dll
0x00007ff9b2760000 - 0x00007ff9b2875000 	C:\Windows\System32\RPCRT4.dll
0x00007ff9b0420000 - 0x00007ff9b046d000 	C:\Windows\SYSTEM32\POWRPROF.dll
0x00007ff9a1230000 - 0x00007ff9a1239000 	C:\Windows\SYSTEM32\WSOCK32.dll
0x00007ff9b2040000 - 0x00007ff9b20b1000 	C:\Windows\System32\WS2_32.dll
0x00007ff9a73c0000 - 0x00007ff9a73ca000 	C:\Windows\SYSTEM32\VERSION.dll
0x00007ff9a7530000 - 0x00007ff9a7564000 	C:\Windows\SYSTEM32\WINMM.dll
0x00007ff9b0400000 - 0x00007ff9b0413000 	C:\Windows\SYSTEM32\UMPDC.dll
0x00007ff9b06d0000 - 0x00007ff9b06e8000 	C:\Windows\SYSTEM32\kernel.appcore.dll
0x00007ff9a84f0000 - 0x00007ff9a84fa000 	C:\Users\Eya_\Desktop\sts-4.21.1.RELEASE\plugins\org.eclipse.justj.openjdk.hotspot.jre.full.win32.x86_64_17.0.10.v20240120-1143\jre\bin\jimage.dll
0x00007ff9aefc0000 - 0x00007ff9af1f3000 	C:\Windows\SYSTEM32\DBGHELP.DLL
0x00007ff9b2a30000 - 0x00007ff9b2db8000 	C:\Windows\System32\combase.dll
0x00007ff9b2110000 - 0x00007ff9b21e7000 	C:\Windows\System32\OLEAUT32.dll
0x00007ff9a6260000 - 0x00007ff9a6292000 	C:\Windows\SYSTEM32\dbgcore.DLL
0x00007ff9b1df0000 - 0x00007ff9b1e6a000 	C:\Windows\System32\bcryptPrimitives.dll
0x00007ff9a6910000 - 0x00007ff9a6935000 	C:\Users\Eya_\Desktop\sts-4.21.1.RELEASE\plugins\org.eclipse.justj.openjdk.hotspot.jre.full.win32.x86_64_17.0.10.v20240120-1143\jre\bin\java.dll
0x00007ff9a68b0000 - 0x00007ff9a68c8000 	C:\Users\Eya_\Desktop\sts-4.21.1.RELEASE\plugins\org.eclipse.justj.openjdk.hotspot.jre.full.win32.x86_64_17.0.10.v20240120-1143\jre\bin\zip.dll
0x00007ff9b38b0000 - 0x00007ff9b410d000 	C:\Windows\System32\SHELL32.dll
0x00007ff9af4e0000 - 0x00007ff9afdd8000 	C:\Windows\SYSTEM32\windows.storage.dll
0x00007ff9af3a0000 - 0x00007ff9af4de000 	C:\Windows\SYSTEM32\wintypes.dll
0x00007ff9b2930000 - 0x00007ff9b2a23000 	C:\Windows\System32\SHCORE.dll
0x00007ff9b3560000 - 0x00007ff9b35be000 	C:\Windows\System32\shlwapi.dll
0x00007ff9b1500000 - 0x00007ff9b1526000 	C:\Windows\SYSTEM32\profapi.dll
0x00007ff9a5df0000 - 0x00007ff9a5e09000 	C:\Users\Eya_\Desktop\sts-4.21.1.RELEASE\plugins\org.eclipse.justj.openjdk.hotspot.jre.full.win32.x86_64_17.0.10.v20240120-1143\jre\bin\net.dll
0x00007ff9a8c70000 - 0x00007ff9a8da7000 	C:\Windows\SYSTEM32\WINHTTP.dll
0x00007ff9b0b50000 - 0x00007ff9b0bb9000 	C:\Windows\system32\mswsock.dll
0x00007ff9a51c0000 - 0x00007ff9a51d6000 	C:\Users\Eya_\Desktop\sts-4.21.1.RELEASE\plugins\org.eclipse.justj.openjdk.hotspot.jre.full.win32.x86_64_17.0.10.v20240120-1143\jre\bin\nio.dll
0x00007ff9a4d60000 - 0x00007ff9a4d69000 	C:\Users\Eya_\Desktop\sts-4.21.1.RELEASE\plugins\org.eclipse.justj.openjdk.hotspot.jre.full.win32.x86_64_17.0.10.v20240120-1143\jre\bin\management.dll
0x00007ff9a4250000 - 0x00007ff9a425b000 	C:\Users\Eya_\Desktop\sts-4.21.1.RELEASE\plugins\org.eclipse.justj.openjdk.hotspot.jre.full.win32.x86_64_17.0.10.v20240120-1143\jre\bin\management_ext.dll
0x00007ff9b31f0000 - 0x00007ff9b31f8000 	C:\Windows\System32\PSAPI.DLL
0x00007ff992f00000 - 0x00007ff992f17000 	C:\Windows\system32\napinsp.dll
0x00007ff992ee0000 - 0x00007ff992efb000 	C:\Windows\system32\pnrpnsp.dll
0x00007ff9b0130000 - 0x00007ff9b0229000 	C:\Windows\SYSTEM32\DNSAPI.dll
0x00007ff9b0100000 - 0x00007ff9b012d000 	C:\Windows\SYSTEM32\IPHLPAPI.DLL
0x00007ff9b2dc0000 - 0x00007ff9b2dc9000 	C:\Windows\System32\NSI.dll
0x00007ff992ec0000 - 0x00007ff992ed1000 	C:\Windows\System32\winrnr.dll
0x00007ff9a7240000 - 0x00007ff9a7255000 	C:\Windows\system32\wshbth.dll
0x00007ff992e90000 - 0x00007ff992eb1000 	C:\Windows\system32\nlansp_c.dll
0x0000000056f10000 - 0x0000000056f36000 	C:\Program Files\Bonjour\mdnsNSP.dll
0x00007ff9a74a0000 - 0x00007ff9a74aa000 	C:\Windows\System32\rasadhlp.dll
0x00007ff9a7410000 - 0x00007ff9a7493000 	C:\Windows\System32\fwpuclnt.dll
0x00007ff9b0dd0000 - 0x00007ff9b0deb000 	C:\Windows\SYSTEM32\CRYPTSP.dll
0x00007ff9b0620000 - 0x00007ff9b0655000 	C:\Windows\system32\rsaenh.dll
0x00007ff9b0c50000 - 0x00007ff9b0c7c000 	C:\Windows\SYSTEM32\USERENV.dll
0x00007ff9b0df0000 - 0x00007ff9b0dfc000 	C:\Windows\SYSTEM32\CRYPTBASE.dll
0x00007ff9a89c0000 - 0x00007ff9a89d9000 	C:\Windows\SYSTEM32\dhcpcsvc6.DLL
0x00007ff9a89a0000 - 0x00007ff9a89bf000 	C:\Windows\SYSTEM32\dhcpcsvc.DLL
0x00007ff9a3d00000 - 0x00007ff9a3d09000 	C:\Users\Eya_\Desktop\sts-4.21.1.RELEASE\plugins\org.eclipse.justj.openjdk.hotspot.jre.full.win32.x86_64_17.0.10.v20240120-1143\jre\bin\extnet.dll
0x00007ff9a75b0000 - 0x00007ff9a75c0000 	C:\Users\Eya_\Desktop\sts-4.21.1.RELEASE\plugins\org.eclipse.justj.openjdk.hotspot.jre.full.win32.x86_64_17.0.10.v20240120-1143\jre\bin\verify.dll
0x00007ff9a7260000 - 0x00007ff9a726e000 	C:\Users\Eya_\Desktop\sts-4.21.1.RELEASE\plugins\org.eclipse.justj.openjdk.hotspot.jre.full.win32.x86_64_17.0.10.v20240120-1143\jre\bin\sunmscapi.dll
0x00007ff9b1aa0000 - 0x00007ff9b1c06000 	C:\Windows\System32\CRYPT32.dll
0x00007ff9b0f70000 - 0x00007ff9b0f9e000 	C:\Windows\SYSTEM32\ncrypt.dll
0x00007ff9b0f30000 - 0x00007ff9b0f67000 	C:\Windows\SYSTEM32\NTASN1.dll
0x00007ff9a6950000 - 0x00007ff9a6958000 	C:\Windows\system32\wshunix.dll

dbghelp: loaded successfully - version: 4.0.5 - missing functions: none
symbol engine: initialized successfully - sym options: 0x614 - pdb path: .;C:\Users\Eya_\Desktop\sts-4.21.1.RELEASE\plugins\org.eclipse.justj.openjdk.hotspot.jre.full.win32.x86_64_17.0.10.v20240120-1143\jre\bin;C:\Windows\SYSTEM32;C:\Windows\WinSxS\amd64_microsoft.windows.common-controls_6595b64144ccf1df_6.0.22621.3235_none_270f74e173860f98;C:\Users\Eya_\Desktop\sts-4.21.1.RELEASE\plugins\org.eclipse.justj.openjdk.hotspot.jre.full.win32.x86_64_17.0.10.v20240120-1143\jre\bin\server;C:\Program Files\Bonjour

VM Arguments:
jvm_args: -Dcom.sun.management.jmxremote -Dcom.sun.management.jmxremote.port=54094 -Dcom.sun.management.jmxremote.authenticate=false -Dcom.sun.management.jmxremote.ssl=false -Djava.rmi.server.hostname=localhost -Dspring.jmx.enabled=true -Dmanagement.endpoints.jmx.exposure.include=* -Dspring.application.admin.enabled=true -XX:TieredStopAtLevel=1 -Dspring.boot.project.name=AutoReport-2 -Dfile.encoding=UTF-8 -Dstdout.encoding=UTF-8 -Dstderr.encoding=UTF-8 -XX:+ShowCodeDetailsInExceptionMessages 
java_command: com.pfe_app.eya.AutoReport2Application --spring.output.ansi.enabled=always
java_class_path (initial): C:\Users\Eya_\Documents\java-workspace\Back-End\AutoReport-2\target\classes;C:\Users\Eya_\.m2\repository\org\springframework\boot\spring-boot-starter-data-jpa\3.0.7\spring-boot-starter-data-jpa-3.0.7.jar;C:\Users\Eya_\.m2\repository\org\springframework\boot\spring-boot-starter-aop\3.0.7\spring-boot-starter-aop-3.0.7.jar;C:\Users\Eya_\.m2\repository\org\springframework\spring-aop\6.0.9\spring-aop-6.0.9.jar;C:\Users\Eya_\.m2\repository\org\aspectj\aspectjweaver\1.9.19\aspectjweaver-1.9.19.jar;C:\Users\Eya_\.m2\repository\org\hibernate\orm\hibernate-core\6.1.7.Final\hibernate-core-6.1.7.Final.jar;C:\Users\Eya_\.m2\repository\jakarta\persistence\jakarta.persistence-api\3.1.0\jakarta.persistence-api-3.1.0.jar;C:\Users\Eya_\.m2\repository\jakarta\transaction\jakarta.transaction-api\2.0.1\jakarta.transaction-api-2.0.1.jar;C:\Users\Eya_\.m2\repository\org\jboss\logging\jboss-logging\3.5.0.Final\jboss-logging-3.5.0.Final.jar;C:\Users\Eya_\.m2\repository\org\hibernate\common\hibernate-commons-annotations\6.0.6.Final\hibernate-commons-annotations-6.0.6.Final.jar;C:\Users\Eya_\.m2\repository\org\jboss\jandex\2.4.2.Final\jandex-2.4.2.Final.jar;C:\Users\Eya_\.m2\repository\com\fasterxml\classmate\1.5.1\classmate-1.5.1.jar;C:\Users\Eya_\.m2\repository\net\bytebuddy\byte-buddy\1.12.23\byte-buddy-1.12.23.jar;C:\Users\Eya_\.m2\repository\org\glassfish\jaxb\jaxb-runtime\4.0.2\jaxb-runtime-4.0.2.jar;C:\Users\Eya_\.m2\repository\org\glassfish\jaxb\jaxb-core\4.0.2\jaxb-core-4.0.2.jar;C:\Users\Eya_\.m2\repository\org\glassfish\jaxb\txw2\4.0.2\txw2-4.0.2.jar;C:\Users\Eya_\.m2\repository\com\sun\istack\istack-commons-runtime\4.1.1\istack-commons-runtime-4.1.1.jar;C:\Users\Eya_\.m2\repository\jakarta\inject\jakarta.inject-api\2.0.0\jakarta.inject-api-2.0.0.jar;C:\Users\Eya_\.m2\repository\org\antlr\antlr4-runtime\4.10.1\antlr4-runtime-4.10.1.jar;C:\Users\Eya_\.m2\repository\org\springframework\data\spring-data-jpa\3.0.6\spring-data-jpa-3.0.6.jar;C:\Users\Eya_\.m2
Launcher Type: SUN_STANDARD

[Global flags]
     intx CICompilerCount                          = 4                                         {product} {ergonomic}
     uint ConcGCThreads                            = 2                                         {product} {ergonomic}
     uint G1ConcRefinementThreads                  = 8                                         {product} {ergonomic}
   size_t G1HeapRegionSize                         = 1048576                                   {product} {ergonomic}
    uintx GCDrainStackTargetSize                   = 64                                        {product} {ergonomic}
   size_t InitialHeapSize                          = 132120576                                 {product} {ergonomic}
     bool ManagementServer                         = true                                      {product} {command line}
   size_t MarkStackSize                            = 4194304                                   {product} {ergonomic}
   size_t MaxHeapSize                              = 2090860544                                {product} {ergonomic}
   size_t MaxNewSize                               = 1254096896                                {product} {ergonomic}
   size_t MinHeapDeltaBytes                        = 1048576                                   {product} {ergonomic}
   size_t MinHeapSize                              = 8388608                                   {product} {ergonomic}
    uintx NonProfiledCodeHeapSize                  = 0                                      {pd product} {ergonomic}
     bool ProfileInterpreter                       = false                                  {pd product} {command line}
    uintx ProfiledCodeHeapSize                     = 0                                      {pd product} {ergonomic}
     bool ShowCodeDetailsInExceptionMessages       = true                                   {manageable} {command line}
   size_t SoftMaxHeapSize                          = 2090860544                             {manageable} {ergonomic}
     intx TieredStopAtLevel                        = 1                                         {product} {command line}
     bool UseCompressedClassPointers               = true                           {product lp64_product} {ergonomic}
     bool UseCompressedOops                        = true                           {product lp64_product} {ergonomic}
     bool UseG1GC                                  = true                                      {product} {ergonomic}
     bool UseLargePagesIndividualAllocation        = false                                  {pd product} {ergonomic}

Logging:
Log output configuration:
 #0: stdout all=warning uptime,level,tags
 #1: stderr all=off uptime,level,tags

Environment Variables:
JAVA_HOME=C:\Java\jdk1.8.0_202\bin
PATH=C:/Users/Eya_/Desktop/sts-4.21.1.RELEASE//plugins/org.eclipse.justj.openjdk.hotspot.jre.full.win32.x86_64_17.0.10.v20240120-1143/jre/bin/server;C:/Users/Eya_/Desktop/sts-4.21.1.RELEASE//plugins/org.eclipse.justj.openjdk.hotspot.jre.full.win32.x86_64_17.0.10.v20240120-1143/jre/bin;C:\Program Files (x86)\Common Files\Oracle\Java\javapath;C:\Windows\system32;C:\Windows;C:\Windows\System32\Wbem;C:\Windows\System32\WindowsPowerShell\v1.0\;C:\Windows\System32\OpenSSH\;C:\Program Files (x86)\NVIDIA Corporation\PhysX\Common;C:\Program Files\NVIDIA Corporation\NVIDIA NvDLISR;C:\Program Files\Java\jre1.8.0_361;C:\Program Files\flutter\bin;C:\Program Files\Git\cmd;C:\xampp\php;C:\ProgramData\ComposerSetup\bin;C:\Program Files\MySQL\MySQL Server 8.0\bin;C:\Users\Eya_\anaconda3\pkgs\protego-0.1.16-py_0\info\test\tests\test_data;C:\hadoop-2.8.0\bin;C:\Java\jdk1.8.0_202\bin;C:\Program Files\Microsoft SQL Server\130\Tools\Binn\;C:\Program Files\Microsoft SQL Server\Client SDK\ODBC\170\Tools\Binn\;C:\Program Files (x86)\Microsoft SQL Server\150\Tools\Binn\;C:\Program Files\Microsoft SQL Server\150\Tools\Binn\;C:\Program Files (x86)\Microsoft SQL Server\150\DTS\Binn\;C:\Program Files\Microsoft SQL Server\150\DTS\Binn\;C:\hadoop-2.8.0\sbin;C:\Program Files (x86)\Microsoft SQL Server\110\DTS\Binn\;C:\Program Files (x86)\Microsoft SQL Server\120\DTS\Binn\;C:\Program Files (x86)\Microsoft SQL Server\130\DTS\Binn\;C:\Program Files (x86)\Microsoft SQL Server\140\DTS\Binn\;C:\Program Files (x86)\Microsoft SQL Server\160\DTS\Binn\;C:\Program Files\Azure Data Studio\bin;C:\Program Files\nodejs\;C:\Program Files\dotnet\;C:\Users\Eya_\AppData\Local\Programs\Python\Python311\Scripts\;C:\Users\Eya_\AppData\Local\Programs\Python\Python311\;C:\Users\Eya_\AppData\Local\Microsoft\WindowsApps;C:\Users\Eya_\AppData\Local\Programs\Microsoft VS Code\bin;C:\Users\Eya_\AppData\Roaming\Composer\vendor\bin;C:\Users\Eya_\AppData\Local\Programs\mongosh\;C:\Program Files\Azure Data Studio\bin;C:\Users\Eya_\Ap
USERNAME=Eya_
OS=Windows_NT
PROCESSOR_IDENTIFIER=Intel64 Family 6 Model 140 Stepping 2, GenuineIntel
TMP=C:\Users\Eya_\AppData\Local\Temp
TEMP=C:\Users\Eya_\AppData\Local\Temp



Periodic native trim disabled


---------------  S Y S T E M  ---------------

OS:
 Windows 11 , 64 bit Build 22621 (10.0.22621.3235)
OS uptime: 14 days 12:28 hours
Hyper-V role detected

CPU: total 8 (initial active 8) (4 cores per cpu, 2 threads per core) family 6 model 140 stepping 2 microcode 0x26, cx8, cmov, fxsr, ht, mmx, 3dnowpref, sse, sse2, sse3, ssse3, sse4.1, sse4.2, popcnt, lzcnt, tsc, tscinvbit, avx, avx2, aes, erms, clmul, bmi1, bmi2, adx, avx512f, avx512dq, avx512cd, avx512bw, avx512vl, sha, fma, vzeroupper, avx512_vpopcntdq, avx512_vpclmulqdq, avx512_vaes, avx512_vnni, clflush, clflushopt, clwb, avx512_vbmi2, avx512_vbmi, hv
Processor Information for all 8 processors :
  Max Mhz: 3187, Current Mhz: 3187, Mhz Limit: 3187

Memory: 4k page, system-wide physical 7975M (406M free)
TotalPageFile size 32548M (AvailPageFile size 139M)
current process WorkingSet (physical memory assigned to process): 68M, peak: 244M
current process commit charge ("private bytes"): 328M, peak: 487M

vm_info: OpenJDK 64-Bit Server VM (17.0.10+7) for windows-amd64 JRE (17.0.10+7), built on Jan 16 2024 23:25:11 by "admin" with MS VC++ 16.10 / 16.11 (VS2019)

END.
